[2026-01-17 15:44:45,255][absl][INFO] - Saving checkpoint at step: 10
[2026-01-17 15:44:45,255][absl][INFO] - Using Orbax as backend to save Flax checkpoints. For potential troubleshooting see: https://flax.readthedocs.io/en/latest/guides/training_techniques/use_checkpointing.html#orbax-as-backend-troubleshooting
[2026-01-17 15:44:45,255][absl][INFO] - save_device_host_concurrent_bytes=None
[2026-01-17 15:44:45,255][absl][INFO] - Created BasePyTreeCheckpointHandler: use_ocdbt=True, use_zarr3=False, pytree_metadata_options=PyTreeMetadataOptions(support_rich_types=False), array_metadata_store=<orbax.checkpoint._src.metadata.array_metadata_store.Store object at 0x753714998370>, enable_pinned_host_transfer=True, save_concurrent_bytes: 96000000000 (89.4 GiB), restore_concurrent_bytes: 96000000000 (89.4 GiB)
[2026-01-17 15:44:45,255][absl][INFO] - orbax-checkpoint version: 0.11.31
[2026-01-17 15:44:45,256][absl][INFO] - [thread=MainThread] Failed to get flag value for EXPERIMENTAL_ORBAX_USE_DISTRIBUTED_PROCESS_ID.
[2026-01-17 15:44:45,256][absl][INFO] - [process=0] Started saving checkpoint to /home/romanohu/project/wkb/SocialJax/runs/2026-01-17_15-43-47/svo/agent_0/checkpoint_10.
[2026-01-17 15:44:45,258][absl][INFO] - Creating tmp directory /home/romanohu/project/wkb/SocialJax/runs/2026-01-17_15-43-47/svo/agent_0/checkpoint_10.orbax-checkpoint-tmp
[2026-01-17 15:44:45,259][absl][INFO] - Wrote Metadata={'item_handlers': None, 'metrics': {}, 'performance_metrics': {}, 'init_timestamp_nsecs': 1768632285258865117, 'commit_timestamp_nsecs': None, 'custom_metadata': {}}, json={"item_handlers": null, "metrics": {}, "performance_metrics": {}, "init_timestamp_nsecs": 1768632285258865117, "commit_timestamp_nsecs": null, "custom_metadata": {}} to /home/romanohu/project/wkb/SocialJax/runs/2026-01-17_15-43-47/svo/agent_0/checkpoint_10.orbax-checkpoint-tmp/_CHECKPOINT_METADATA
[2026-01-17 15:44:45,261][absl][INFO] - Using ThreadSafeKeyValueSignalingClient
[2026-01-17 15:44:45,262][absl][INFO] - Scheduling D2H of 16 prioritized jax.Array.
[2026-01-17 15:44:45,262][absl][INFO] - Transferring arrays to host memory with options: use_replica_parallel=True, min_slice_bytes_for_replica_parallel=None, max_replicas_for_replica_parallel=None, enable_pinned_host_transfer=True
[2026-01-17 15:44:45,263][absl][INFO] - [process=0][thread=MainThread] Initiated "orbax.checkpoint._src.serialization.jax_array_handlers.ArrayHandler".serialize. Time taken: 0.002000s
[2026-01-17 15:44:45,276][absl][INFO] - [process=0] /jax/checkpoint/write/blocking_gbytes_per_sec: 71.022 MiB/s (total gbytes: 1.1 MiB) (time elapsed: 15 milliseconds) (per-host)
[2026-01-17 15:44:45,276][absl][INFO] - [process=0][thread=MainThread] Initiated Pytree async_save. Time taken: 0.016484s (batch_requests_ready=0.000660s, total_serialization_initiated=0.003058s, others=0.012766s)
[2026-01-17 15:44:45,278][absl][INFO] - [process=0][thread=MainThread][operation_id=1] _SignalingThread.join() waiting for signals ([]) blocking the main thread will slow down blocking save times. This is likely due to main thread calling result() on a CommitFuture.
[2026-01-17 15:44:45,280][absl][INFO] - [process=0][thread=array_type_handler] Wrote 16 array_metadata.ArrayMetadata to /home/romanohu/project/wkb/SocialJax/runs/2026-01-17_15-43-47/svo/agent_0/checkpoint_10.orbax-checkpoint-tmp/array_metadatas/process_0
[2026-01-17 15:44:45,384][absl][INFO] - [process=0][thread=write_metadata_after_commits] Commit + Array metadata written. Time taken: 0.109152s (commit=0.106396s, array_metadata_write=0.002756s)
[2026-01-17 15:44:45,386][absl][INFO] - [process=0] /jax/checkpoint/write/gbytes_per_sec: 8.828 MiB/s (total gbytes: 1.1 MiB) (time elapsed: 125 milliseconds) (per-host)
[2026-01-17 15:44:45,389][absl][INFO] - Read Metadata={'item_handlers': None, 'metrics': {}, 'performance_metrics': {}, 'init_timestamp_nsecs': 1768632285258865117, 'commit_timestamp_nsecs': None, 'custom_metadata': {}} from /home/romanohu/project/wkb/SocialJax/runs/2026-01-17_15-43-47/svo/agent_0/checkpoint_10.orbax-checkpoint-tmp/_CHECKPOINT_METADATA
[2026-01-17 15:44:45,390][absl][INFO] - Updated Metadata={'item_handlers': 'orbax.checkpoint._src.handlers.pytree_checkpoint_handler.PyTreeCheckpointHandler', 'metrics': {}, 'performance_metrics': {}, 'init_timestamp_nsecs': 1768632285258865117, 'commit_timestamp_nsecs': None, 'custom_metadata': {}} to /home/romanohu/project/wkb/SocialJax/runs/2026-01-17_15-43-47/svo/agent_0/checkpoint_10.orbax-checkpoint-tmp/_CHECKPOINT_METADATA
[2026-01-17 15:44:45,394][absl][INFO] - [process=0][thread=MainThread] Skipped cross-host ArrayMetadata validation because only one process is found: process_index=0.
[2026-01-17 15:44:45,405][absl][INFO] - [process=0][thread=MainThread] Pytree save finalize (merge_ocdbt + ArrayMetadata validation) completed. Time taken: 0.014391s. use_zarr3=False, enable_post_merge_validation=True, directory=/home/romanohu/project/wkb/SocialJax/runs/2026-01-17_15-43-47/svo/agent_0/checkpoint_10.orbax-checkpoint-tmp
[2026-01-17 15:44:45,407][absl][INFO] - Renaming /home/romanohu/project/wkb/SocialJax/runs/2026-01-17_15-43-47/svo/agent_0/checkpoint_10.orbax-checkpoint-tmp to /home/romanohu/project/wkb/SocialJax/runs/2026-01-17_15-43-47/svo/agent_0/checkpoint_10
[2026-01-17 15:44:45,410][absl][INFO] - [process=0][thread=MainThread] Finished saving checkpoint (finalized tmp dir) to `/home/romanohu/project/wkb/SocialJax/runs/2026-01-17_15-43-47/svo/agent_0/checkpoint_10`.
[2026-01-17 15:44:45,411][absl][INFO] - Finished synchronous save in 0.16 seconds to /home/romanohu/project/wkb/SocialJax/runs/2026-01-17_15-43-47/svo/agent_0/checkpoint_10
[2026-01-17 15:44:45,412][absl][INFO] - Saving checkpoint at step: 10
[2026-01-17 15:44:45,412][absl][INFO] - Using Orbax as backend to save Flax checkpoints. For potential troubleshooting see: https://flax.readthedocs.io/en/latest/guides/training_techniques/use_checkpointing.html#orbax-as-backend-troubleshooting
[2026-01-17 15:44:45,412][absl][INFO] - save_device_host_concurrent_bytes=None
[2026-01-17 15:44:45,412][absl][INFO] - Created BasePyTreeCheckpointHandler: use_ocdbt=True, use_zarr3=False, pytree_metadata_options=PyTreeMetadataOptions(support_rich_types=False), array_metadata_store=<orbax.checkpoint._src.metadata.array_metadata_store.Store object at 0x753714998370>, enable_pinned_host_transfer=True, save_concurrent_bytes: 96000000000 (89.4 GiB), restore_concurrent_bytes: 96000000000 (89.4 GiB)
[2026-01-17 15:44:45,412][absl][INFO] - [process=0] Started saving checkpoint to /home/romanohu/project/wkb/SocialJax/runs/2026-01-17_15-43-47/svo/agent_1/checkpoint_10.
[2026-01-17 15:44:45,413][absl][INFO] - Creating tmp directory /home/romanohu/project/wkb/SocialJax/runs/2026-01-17_15-43-47/svo/agent_1/checkpoint_10.orbax-checkpoint-tmp
[2026-01-17 15:44:45,416][absl][INFO] - Scheduling D2H of 16 prioritized jax.Array.
[2026-01-17 15:44:45,416][absl][INFO] - Transferring arrays to host memory with options: use_replica_parallel=True, min_slice_bytes_for_replica_parallel=None, max_replicas_for_replica_parallel=None, enable_pinned_host_transfer=True
[2026-01-17 15:44:45,417][absl][INFO] - [process=0][thread=MainThread] Initiated "orbax.checkpoint._src.serialization.jax_array_handlers.ArrayHandler".serialize. Time taken: 0.001434s
[2026-01-17 15:44:45,419][absl][INFO] - [process=0] /jax/checkpoint/write/blocking_gbytes_per_sec: 238.148 MiB/s (total gbytes: 1.1 MiB) (time elapsed: 4 milliseconds) (per-host)
[2026-01-17 15:44:45,422][absl][INFO] - [process=0][thread=MainThread] Initiated Pytree async_save. Time taken: 0.007573s (batch_requests_ready=0.000561s, total_serialization_initiated=0.001942s, others=0.005070s)
[2026-01-17 15:44:45,423][absl][INFO] - [process=0][thread=MainThread][operation_id=2] _SignalingThread.join() waiting for signals ([]) blocking the main thread will slow down blocking save times. This is likely due to main thread calling result() on a CommitFuture.
[2026-01-17 15:44:45,424][absl][INFO] - [process=0][thread=array_type_handler] Wrote 16 array_metadata.ArrayMetadata to /home/romanohu/project/wkb/SocialJax/runs/2026-01-17_15-43-47/svo/agent_1/checkpoint_10.orbax-checkpoint-tmp/array_metadatas/process_0
[2026-01-17 15:44:45,500][absl][INFO] - [process=0][thread=write_metadata_after_commits] Commit + Array metadata written. Time taken: 0.080763s (commit=0.077525s, array_metadata_write=0.003238s)
[2026-01-17 15:44:45,502][absl][INFO] - [process=0] /jax/checkpoint/write/gbytes_per_sec: 12.778 MiB/s (total gbytes: 1.1 MiB) (time elapsed: 86 milliseconds) (per-host)
[2026-01-17 15:44:45,507][absl][INFO] - [process=0][thread=MainThread] Skipped cross-host ArrayMetadata validation because only one process is found: process_index=0.
[2026-01-17 15:44:45,519][absl][INFO] - [process=0][thread=MainThread] Pytree save finalize (merge_ocdbt + ArrayMetadata validation) completed. Time taken: 0.014671s. use_zarr3=False, enable_post_merge_validation=True, directory=/home/romanohu/project/wkb/SocialJax/runs/2026-01-17_15-43-47/svo/agent_1/checkpoint_10.orbax-checkpoint-tmp
[2026-01-17 15:44:45,520][absl][INFO] - Renaming /home/romanohu/project/wkb/SocialJax/runs/2026-01-17_15-43-47/svo/agent_1/checkpoint_10.orbax-checkpoint-tmp to /home/romanohu/project/wkb/SocialJax/runs/2026-01-17_15-43-47/svo/agent_1/checkpoint_10
[2026-01-17 15:44:45,521][absl][INFO] - [process=0][thread=MainThread] Finished saving checkpoint (finalized tmp dir) to `/home/romanohu/project/wkb/SocialJax/runs/2026-01-17_15-43-47/svo/agent_1/checkpoint_10`.
[2026-01-17 15:44:45,523][absl][INFO] - Finished synchronous save in 0.11 seconds to /home/romanohu/project/wkb/SocialJax/runs/2026-01-17_15-43-47/svo/agent_1/checkpoint_10
[2026-01-17 15:44:45,523][absl][INFO] - Saving checkpoint at step: 10
[2026-01-17 15:44:45,523][absl][INFO] - Using Orbax as backend to save Flax checkpoints. For potential troubleshooting see: https://flax.readthedocs.io/en/latest/guides/training_techniques/use_checkpointing.html#orbax-as-backend-troubleshooting
[2026-01-17 15:44:45,523][absl][INFO] - save_device_host_concurrent_bytes=None
[2026-01-17 15:44:45,523][absl][INFO] - Created BasePyTreeCheckpointHandler: use_ocdbt=True, use_zarr3=False, pytree_metadata_options=PyTreeMetadataOptions(support_rich_types=False), array_metadata_store=<orbax.checkpoint._src.metadata.array_metadata_store.Store object at 0x753714998370>, enable_pinned_host_transfer=True, save_concurrent_bytes: 96000000000 (89.4 GiB), restore_concurrent_bytes: 96000000000 (89.4 GiB)
[2026-01-17 15:44:45,524][absl][INFO] - [process=0] Started saving checkpoint to /home/romanohu/project/wkb/SocialJax/runs/2026-01-17_15-43-47/svo/agent_2/checkpoint_10.
[2026-01-17 15:44:45,524][absl][INFO] - Creating tmp directory /home/romanohu/project/wkb/SocialJax/runs/2026-01-17_15-43-47/svo/agent_2/checkpoint_10.orbax-checkpoint-tmp
[2026-01-17 15:44:45,529][absl][INFO] - Scheduling D2H of 16 prioritized jax.Array.
[2026-01-17 15:44:45,529][absl][INFO] - Transferring arrays to host memory with options: use_replica_parallel=True, min_slice_bytes_for_replica_parallel=None, max_replicas_for_replica_parallel=None, enable_pinned_host_transfer=True
[2026-01-17 15:44:45,530][absl][INFO] - [process=0][thread=MainThread] Initiated "orbax.checkpoint._src.serialization.jax_array_handlers.ArrayHandler".serialize. Time taken: 0.001732s
[2026-01-17 15:44:45,537][absl][INFO] - [process=0] /jax/checkpoint/write/blocking_gbytes_per_sec: 112.292 MiB/s (total gbytes: 1.1 MiB) (time elapsed: 9 milliseconds) (per-host)
[2026-01-17 15:44:45,538][absl][INFO] - [process=0][thread=MainThread] Initiated Pytree async_save. Time taken: 0.011620s (batch_requests_ready=0.001289s, total_serialization_initiated=0.007970s, others=0.002361s)
[2026-01-17 15:44:45,539][absl][INFO] - [process=0][thread=MainThread][operation_id=3] _SignalingThread.join() waiting for signals ([]) blocking the main thread will slow down blocking save times. This is likely due to main thread calling result() on a CommitFuture.
[2026-01-17 15:44:45,539][absl][INFO] - [process=0][thread=array_type_handler] Wrote 16 array_metadata.ArrayMetadata to /home/romanohu/project/wkb/SocialJax/runs/2026-01-17_15-43-47/svo/agent_2/checkpoint_10.orbax-checkpoint-tmp/array_metadatas/process_0
[2026-01-17 15:44:45,623][absl][INFO] - [process=0][thread=write_metadata_after_commits] Commit + Array metadata written. Time taken: 0.086234s (commit=0.081243s, array_metadata_write=0.004991s)
[2026-01-17 15:44:45,625][absl][INFO] - [process=0] /jax/checkpoint/write/gbytes_per_sec: 11.238 MiB/s (total gbytes: 1.1 MiB) (time elapsed: 98 milliseconds) (per-host)
[2026-01-17 15:44:45,630][absl][INFO] - [process=0][thread=MainThread] Skipped cross-host ArrayMetadata validation because only one process is found: process_index=0.
[2026-01-17 15:44:45,646][absl][INFO] - [process=0][thread=MainThread] Pytree save finalize (merge_ocdbt + ArrayMetadata validation) completed. Time taken: 0.017986s. use_zarr3=False, enable_post_merge_validation=True, directory=/home/romanohu/project/wkb/SocialJax/runs/2026-01-17_15-43-47/svo/agent_2/checkpoint_10.orbax-checkpoint-tmp
[2026-01-17 15:44:45,648][absl][INFO] - Renaming /home/romanohu/project/wkb/SocialJax/runs/2026-01-17_15-43-47/svo/agent_2/checkpoint_10.orbax-checkpoint-tmp to /home/romanohu/project/wkb/SocialJax/runs/2026-01-17_15-43-47/svo/agent_2/checkpoint_10
[2026-01-17 15:44:45,651][absl][INFO] - [process=0][thread=MainThread] Finished saving checkpoint (finalized tmp dir) to `/home/romanohu/project/wkb/SocialJax/runs/2026-01-17_15-43-47/svo/agent_2/checkpoint_10`.
[2026-01-17 15:44:45,653][absl][INFO] - Finished synchronous save in 0.13 seconds to /home/romanohu/project/wkb/SocialJax/runs/2026-01-17_15-43-47/svo/agent_2/checkpoint_10
[2026-01-17 15:44:45,653][absl][INFO] - Saving checkpoint at step: 10
[2026-01-17 15:44:45,653][absl][INFO] - Using Orbax as backend to save Flax checkpoints. For potential troubleshooting see: https://flax.readthedocs.io/en/latest/guides/training_techniques/use_checkpointing.html#orbax-as-backend-troubleshooting
[2026-01-17 15:44:45,654][absl][INFO] - save_device_host_concurrent_bytes=None
[2026-01-17 15:44:45,654][absl][INFO] - Created BasePyTreeCheckpointHandler: use_ocdbt=True, use_zarr3=False, pytree_metadata_options=PyTreeMetadataOptions(support_rich_types=False), array_metadata_store=<orbax.checkpoint._src.metadata.array_metadata_store.Store object at 0x753714998370>, enable_pinned_host_transfer=True, save_concurrent_bytes: 96000000000 (89.4 GiB), restore_concurrent_bytes: 96000000000 (89.4 GiB)
[2026-01-17 15:44:45,654][absl][INFO] - [process=0] Started saving checkpoint to /home/romanohu/project/wkb/SocialJax/runs/2026-01-17_15-43-47/svo/agent_3/checkpoint_10.
[2026-01-17 15:44:45,655][absl][INFO] - Creating tmp directory /home/romanohu/project/wkb/SocialJax/runs/2026-01-17_15-43-47/svo/agent_3/checkpoint_10.orbax-checkpoint-tmp
[2026-01-17 15:44:45,660][absl][INFO] - Scheduling D2H of 16 prioritized jax.Array.
[2026-01-17 15:44:45,660][absl][INFO] - Transferring arrays to host memory with options: use_replica_parallel=True, min_slice_bytes_for_replica_parallel=None, max_replicas_for_replica_parallel=None, enable_pinned_host_transfer=True
[2026-01-17 15:44:45,662][absl][INFO] - [process=0][thread=MainThread] Initiated "orbax.checkpoint._src.serialization.jax_array_handlers.ArrayHandler".serialize. Time taken: 0.002619s
[2026-01-17 15:44:45,667][absl][INFO] - [process=0] /jax/checkpoint/write/blocking_gbytes_per_sec: 114.423 MiB/s (total gbytes: 1.1 MiB) (time elapsed: 9 milliseconds) (per-host)
[2026-01-17 15:44:45,670][absl][INFO] - [process=0][thread=MainThread] Initiated Pytree async_save. Time taken: 0.012942s (batch_requests_ready=0.001730s, total_serialization_initiated=0.003972s, others=0.007240s)
[2026-01-17 15:44:45,671][absl][INFO] - [process=0][thread=MainThread][operation_id=4] _SignalingThread.join() waiting for signals ([]) blocking the main thread will slow down blocking save times. This is likely due to main thread calling result() on a CommitFuture.
[2026-01-17 15:44:45,673][absl][INFO] - [process=0][thread=array_type_handler] Wrote 16 array_metadata.ArrayMetadata to /home/romanohu/project/wkb/SocialJax/runs/2026-01-17_15-43-47/svo/agent_3/checkpoint_10.orbax-checkpoint-tmp/array_metadatas/process_0
[2026-01-17 15:44:45,752][absl][INFO] - [process=0][thread=write_metadata_after_commits] Commit + Array metadata written. Time taken: 0.084443s (commit=0.078899s, array_metadata_write=0.005544s)
[2026-01-17 15:44:45,754][absl][INFO] - [process=0] /jax/checkpoint/write/gbytes_per_sec: 11.401 MiB/s (total gbytes: 1.1 MiB) (time elapsed: 97 milliseconds) (per-host)
[2026-01-17 15:44:45,759][absl][INFO] - [process=0][thread=MainThread] Skipped cross-host ArrayMetadata validation because only one process is found: process_index=0.
[2026-01-17 15:44:45,773][absl][INFO] - [process=0][thread=MainThread] Pytree save finalize (merge_ocdbt + ArrayMetadata validation) completed. Time taken: 0.016845s. use_zarr3=False, enable_post_merge_validation=True, directory=/home/romanohu/project/wkb/SocialJax/runs/2026-01-17_15-43-47/svo/agent_3/checkpoint_10.orbax-checkpoint-tmp
[2026-01-17 15:44:45,775][absl][INFO] - Renaming /home/romanohu/project/wkb/SocialJax/runs/2026-01-17_15-43-47/svo/agent_3/checkpoint_10.orbax-checkpoint-tmp to /home/romanohu/project/wkb/SocialJax/runs/2026-01-17_15-43-47/svo/agent_3/checkpoint_10
[2026-01-17 15:44:45,778][absl][INFO] - [process=0][thread=MainThread] Finished saving checkpoint (finalized tmp dir) to `/home/romanohu/project/wkb/SocialJax/runs/2026-01-17_15-43-47/svo/agent_3/checkpoint_10`.
[2026-01-17 15:44:45,780][absl][INFO] - Finished synchronous save in 0.13 seconds to /home/romanohu/project/wkb/SocialJax/runs/2026-01-17_15-43-47/svo/agent_3/checkpoint_10
[2026-01-17 15:44:45,780][absl][INFO] - Saving checkpoint at step: 10
[2026-01-17 15:44:45,780][absl][INFO] - Using Orbax as backend to save Flax checkpoints. For potential troubleshooting see: https://flax.readthedocs.io/en/latest/guides/training_techniques/use_checkpointing.html#orbax-as-backend-troubleshooting
[2026-01-17 15:44:45,780][absl][INFO] - save_device_host_concurrent_bytes=None
[2026-01-17 15:44:45,781][absl][INFO] - Created BasePyTreeCheckpointHandler: use_ocdbt=True, use_zarr3=False, pytree_metadata_options=PyTreeMetadataOptions(support_rich_types=False), array_metadata_store=<orbax.checkpoint._src.metadata.array_metadata_store.Store object at 0x753714998370>, enable_pinned_host_transfer=True, save_concurrent_bytes: 96000000000 (89.4 GiB), restore_concurrent_bytes: 96000000000 (89.4 GiB)
[2026-01-17 15:44:45,781][absl][INFO] - [process=0] Started saving checkpoint to /home/romanohu/project/wkb/SocialJax/runs/2026-01-17_15-43-47/svo/agent_4/checkpoint_10.
[2026-01-17 15:44:45,782][absl][INFO] - Creating tmp directory /home/romanohu/project/wkb/SocialJax/runs/2026-01-17_15-43-47/svo/agent_4/checkpoint_10.orbax-checkpoint-tmp
[2026-01-17 15:44:45,785][absl][INFO] - Scheduling D2H of 16 prioritized jax.Array.
[2026-01-17 15:44:45,785][absl][INFO] - Transferring arrays to host memory with options: use_replica_parallel=True, min_slice_bytes_for_replica_parallel=None, max_replicas_for_replica_parallel=None, enable_pinned_host_transfer=True
[2026-01-17 15:44:45,786][absl][INFO] - [process=0][thread=MainThread] Initiated "orbax.checkpoint._src.serialization.jax_array_handlers.ArrayHandler".serialize. Time taken: 0.001157s
[2026-01-17 15:44:45,793][absl][INFO] - [process=0] /jax/checkpoint/write/blocking_gbytes_per_sec: 111.779 MiB/s (total gbytes: 1.1 MiB) (time elapsed: 9 milliseconds) (per-host)
[2026-01-17 15:44:45,794][absl][INFO] - [process=0][thread=MainThread] Initiated Pytree async_save. Time taken: 0.011389s (batch_requests_ready=0.000922s, total_serialization_initiated=0.008364s, others=0.002103s)
[2026-01-17 15:44:45,797][absl][INFO] - [process=0][thread=MainThread][operation_id=5] _SignalingThread.join() waiting for signals ([]) blocking the main thread will slow down blocking save times. This is likely due to main thread calling result() on a CommitFuture.
[2026-01-17 15:44:45,799][absl][INFO] - [process=0][thread=array_type_handler] Wrote 16 array_metadata.ArrayMetadata to /home/romanohu/project/wkb/SocialJax/runs/2026-01-17_15-43-47/svo/agent_4/checkpoint_10.orbax-checkpoint-tmp/array_metadatas/process_0
[2026-01-17 15:44:45,873][absl][INFO] - [process=0][thread=write_metadata_after_commits] Commit + Array metadata written. Time taken: 0.077822s (commit=0.074773s, array_metadata_write=0.003049s)
[2026-01-17 15:44:45,875][absl][INFO] - [process=0] /jax/checkpoint/write/gbytes_per_sec: 12.074 MiB/s (total gbytes: 1.1 MiB) (time elapsed: 91 milliseconds) (per-host)
[2026-01-17 15:44:45,881][absl][INFO] - [process=0][thread=MainThread] Skipped cross-host ArrayMetadata validation because only one process is found: process_index=0.
[2026-01-17 15:44:45,897][absl][INFO] - [process=0][thread=MainThread] Pytree save finalize (merge_ocdbt + ArrayMetadata validation) completed. Time taken: 0.018693s. use_zarr3=False, enable_post_merge_validation=True, directory=/home/romanohu/project/wkb/SocialJax/runs/2026-01-17_15-43-47/svo/agent_4/checkpoint_10.orbax-checkpoint-tmp
[2026-01-17 15:44:45,898][absl][INFO] - Renaming /home/romanohu/project/wkb/SocialJax/runs/2026-01-17_15-43-47/svo/agent_4/checkpoint_10.orbax-checkpoint-tmp to /home/romanohu/project/wkb/SocialJax/runs/2026-01-17_15-43-47/svo/agent_4/checkpoint_10
[2026-01-17 15:44:45,900][absl][INFO] - [process=0][thread=MainThread] Finished saving checkpoint (finalized tmp dir) to `/home/romanohu/project/wkb/SocialJax/runs/2026-01-17_15-43-47/svo/agent_4/checkpoint_10`.
[2026-01-17 15:44:45,901][absl][INFO] - Finished synchronous save in 0.12 seconds to /home/romanohu/project/wkb/SocialJax/runs/2026-01-17_15-43-47/svo/agent_4/checkpoint_10
[2026-01-17 15:44:45,902][absl][INFO] - Saving checkpoint at step: 10
[2026-01-17 15:44:45,902][absl][INFO] - Using Orbax as backend to save Flax checkpoints. For potential troubleshooting see: https://flax.readthedocs.io/en/latest/guides/training_techniques/use_checkpointing.html#orbax-as-backend-troubleshooting
[2026-01-17 15:44:45,903][absl][INFO] - save_device_host_concurrent_bytes=None
[2026-01-17 15:44:45,904][absl][INFO] - Created BasePyTreeCheckpointHandler: use_ocdbt=True, use_zarr3=False, pytree_metadata_options=PyTreeMetadataOptions(support_rich_types=False), array_metadata_store=<orbax.checkpoint._src.metadata.array_metadata_store.Store object at 0x753714998370>, enable_pinned_host_transfer=True, save_concurrent_bytes: 96000000000 (89.4 GiB), restore_concurrent_bytes: 96000000000 (89.4 GiB)
[2026-01-17 15:44:45,904][absl][INFO] - [process=0] Started saving checkpoint to /home/romanohu/project/wkb/SocialJax/runs/2026-01-17_15-43-47/svo/agent_5/checkpoint_10.
[2026-01-17 15:44:45,907][absl][INFO] - Creating tmp directory /home/romanohu/project/wkb/SocialJax/runs/2026-01-17_15-43-47/svo/agent_5/checkpoint_10.orbax-checkpoint-tmp
[2026-01-17 15:44:45,910][absl][INFO] - Scheduling D2H of 16 prioritized jax.Array.
[2026-01-17 15:44:45,910][absl][INFO] - Transferring arrays to host memory with options: use_replica_parallel=True, min_slice_bytes_for_replica_parallel=None, max_replicas_for_replica_parallel=None, enable_pinned_host_transfer=True
[2026-01-17 15:44:45,913][absl][INFO] - [process=0][thread=MainThread] Initiated "orbax.checkpoint._src.serialization.jax_array_handlers.ArrayHandler".serialize. Time taken: 0.002709s
[2026-01-17 15:44:45,917][absl][INFO] - [process=0] /jax/checkpoint/write/blocking_gbytes_per_sec: 145.362 MiB/s (total gbytes: 1.1 MiB) (time elapsed: 7 milliseconds) (per-host)
[2026-01-17 15:44:45,919][absl][INFO] - [process=0][thread=MainThread] Initiated Pytree async_save. Time taken: 0.009733s (batch_requests_ready=0.000801s, total_serialization_initiated=0.005069s, others=0.003863s)
[2026-01-17 15:44:45,919][absl][INFO] - [process=0][thread=array_type_handler] Wrote 16 array_metadata.ArrayMetadata to /home/romanohu/project/wkb/SocialJax/runs/2026-01-17_15-43-47/svo/agent_5/checkpoint_10.orbax-checkpoint-tmp/array_metadatas/process_0
[2026-01-17 15:44:45,920][absl][INFO] - [process=0][thread=MainThread][operation_id=6] _SignalingThread.join() waiting for signals ([]) blocking the main thread will slow down blocking save times. This is likely due to main thread calling result() on a CommitFuture.
[2026-01-17 15:44:45,995][absl][INFO] - [process=0][thread=write_metadata_after_commits] Commit + Array metadata written. Time taken: 0.078764s (commit=0.075848s, array_metadata_write=0.002917s)
[2026-01-17 15:44:45,996][absl][INFO] - [process=0] /jax/checkpoint/write/gbytes_per_sec: 12.727 MiB/s (total gbytes: 1.1 MiB) (time elapsed: 87 milliseconds) (per-host)
[2026-01-17 15:44:46,002][absl][INFO] - [process=0][thread=MainThread] Skipped cross-host ArrayMetadata validation because only one process is found: process_index=0.
[2026-01-17 15:44:46,043][absl][INFO] - [process=0][thread=MainThread] Pytree save finalize (merge_ocdbt + ArrayMetadata validation) completed. Time taken: 0.043860s. use_zarr3=False, enable_post_merge_validation=True, directory=/home/romanohu/project/wkb/SocialJax/runs/2026-01-17_15-43-47/svo/agent_5/checkpoint_10.orbax-checkpoint-tmp
[2026-01-17 15:44:46,045][absl][INFO] - Renaming /home/romanohu/project/wkb/SocialJax/runs/2026-01-17_15-43-47/svo/agent_5/checkpoint_10.orbax-checkpoint-tmp to /home/romanohu/project/wkb/SocialJax/runs/2026-01-17_15-43-47/svo/agent_5/checkpoint_10
[2026-01-17 15:44:46,049][absl][INFO] - [process=0][thread=MainThread] Finished saving checkpoint (finalized tmp dir) to `/home/romanohu/project/wkb/SocialJax/runs/2026-01-17_15-43-47/svo/agent_5/checkpoint_10`.
[2026-01-17 15:44:46,051][absl][INFO] - Finished synchronous save in 0.15 seconds to /home/romanohu/project/wkb/SocialJax/runs/2026-01-17_15-43-47/svo/agent_5/checkpoint_10
[2026-01-17 15:44:46,052][absl][INFO] - Saving checkpoint at step: 10
[2026-01-17 15:44:46,052][absl][INFO] - Using Orbax as backend to save Flax checkpoints. For potential troubleshooting see: https://flax.readthedocs.io/en/latest/guides/training_techniques/use_checkpointing.html#orbax-as-backend-troubleshooting
[2026-01-17 15:44:46,052][absl][INFO] - save_device_host_concurrent_bytes=None
[2026-01-17 15:44:46,052][absl][INFO] - Created BasePyTreeCheckpointHandler: use_ocdbt=True, use_zarr3=False, pytree_metadata_options=PyTreeMetadataOptions(support_rich_types=False), array_metadata_store=<orbax.checkpoint._src.metadata.array_metadata_store.Store object at 0x753714998370>, enable_pinned_host_transfer=True, save_concurrent_bytes: 96000000000 (89.4 GiB), restore_concurrent_bytes: 96000000000 (89.4 GiB)
[2026-01-17 15:44:46,053][absl][INFO] - [process=0] Started saving checkpoint to /home/romanohu/project/wkb/SocialJax/runs/2026-01-17_15-43-47/svo/agent_6/checkpoint_10.
[2026-01-17 15:44:46,054][absl][INFO] - Creating tmp directory /home/romanohu/project/wkb/SocialJax/runs/2026-01-17_15-43-47/svo/agent_6/checkpoint_10.orbax-checkpoint-tmp
[2026-01-17 15:44:46,059][absl][INFO] - Scheduling D2H of 16 prioritized jax.Array.
[2026-01-17 15:44:46,059][absl][INFO] - Transferring arrays to host memory with options: use_replica_parallel=True, min_slice_bytes_for_replica_parallel=None, max_replicas_for_replica_parallel=None, enable_pinned_host_transfer=True
[2026-01-17 15:44:46,061][absl][INFO] - [process=0][thread=MainThread] Initiated "orbax.checkpoint._src.serialization.jax_array_handlers.ArrayHandler".serialize. Time taken: 0.002170s
[2026-01-17 15:44:46,066][absl][INFO] - [process=0] /jax/checkpoint/write/blocking_gbytes_per_sec: 116.193 MiB/s (total gbytes: 1.1 MiB) (time elapsed: 9 milliseconds) (per-host)
[2026-01-17 15:44:46,070][absl][INFO] - [process=0][thread=MainThread] Initiated Pytree async_save. Time taken: 0.013280s (batch_requests_ready=0.001527s, total_serialization_initiated=0.007125s, others=0.004629s)
[2026-01-17 15:44:46,071][absl][INFO] - [process=0][thread=MainThread][operation_id=7] _SignalingThread.join() waiting for signals ([]) blocking the main thread will slow down blocking save times. This is likely due to main thread calling result() on a CommitFuture.
[2026-01-17 15:44:46,074][absl][INFO] - [process=0][thread=array_type_handler] Wrote 16 array_metadata.ArrayMetadata to /home/romanohu/project/wkb/SocialJax/runs/2026-01-17_15-43-47/svo/agent_6/checkpoint_10.orbax-checkpoint-tmp/array_metadatas/process_0
[2026-01-17 15:44:46,152][absl][INFO] - [process=0][thread=write_metadata_after_commits] Commit + Array metadata written. Time taken: 0.083198s (commit=0.078072s, array_metadata_write=0.005126s)
[2026-01-17 15:44:46,154][absl][INFO] - [process=0] /jax/checkpoint/write/gbytes_per_sec: 11.428 MiB/s (total gbytes: 1.1 MiB) (time elapsed: 96 milliseconds) (per-host)
[2026-01-17 15:44:46,158][absl][INFO] - [process=0][thread=MainThread] Skipped cross-host ArrayMetadata validation because only one process is found: process_index=0.
[2026-01-17 15:44:46,174][absl][INFO] - [process=0][thread=MainThread] Pytree save finalize (merge_ocdbt + ArrayMetadata validation) completed. Time taken: 0.017594s. use_zarr3=False, enable_post_merge_validation=True, directory=/home/romanohu/project/wkb/SocialJax/runs/2026-01-17_15-43-47/svo/agent_6/checkpoint_10.orbax-checkpoint-tmp
[2026-01-17 15:44:46,175][absl][INFO] - Renaming /home/romanohu/project/wkb/SocialJax/runs/2026-01-17_15-43-47/svo/agent_6/checkpoint_10.orbax-checkpoint-tmp to /home/romanohu/project/wkb/SocialJax/runs/2026-01-17_15-43-47/svo/agent_6/checkpoint_10
[2026-01-17 15:44:46,178][absl][INFO] - [process=0][thread=MainThread] Finished saving checkpoint (finalized tmp dir) to `/home/romanohu/project/wkb/SocialJax/runs/2026-01-17_15-43-47/svo/agent_6/checkpoint_10`.
[2026-01-17 15:44:46,180][absl][INFO] - Finished synchronous save in 0.13 seconds to /home/romanohu/project/wkb/SocialJax/runs/2026-01-17_15-43-47/svo/agent_6/checkpoint_10
[2026-01-17 15:45:07,389][absl][INFO] - Saving checkpoint at step: 20
[2026-01-17 15:45:07,389][absl][INFO] - Using Orbax as backend to save Flax checkpoints. For potential troubleshooting see: https://flax.readthedocs.io/en/latest/guides/training_techniques/use_checkpointing.html#orbax-as-backend-troubleshooting
[2026-01-17 15:45:07,391][absl][INFO] - save_device_host_concurrent_bytes=None
[2026-01-17 15:45:07,391][absl][INFO] - Created BasePyTreeCheckpointHandler: use_ocdbt=True, use_zarr3=False, pytree_metadata_options=PyTreeMetadataOptions(support_rich_types=False), array_metadata_store=<orbax.checkpoint._src.metadata.array_metadata_store.Store object at 0x753714998370>, enable_pinned_host_transfer=True, save_concurrent_bytes: 96000000000 (89.4 GiB), restore_concurrent_bytes: 96000000000 (89.4 GiB)
[2026-01-17 15:45:07,392][absl][INFO] - [process=0] Started saving checkpoint to /home/romanohu/project/wkb/SocialJax/runs/2026-01-17_15-43-47/svo/agent_0/checkpoint_20.
[2026-01-17 15:45:07,393][absl][INFO] - Creating tmp directory /home/romanohu/project/wkb/SocialJax/runs/2026-01-17_15-43-47/svo/agent_0/checkpoint_20.orbax-checkpoint-tmp
[2026-01-17 15:45:07,397][absl][INFO] - Scheduling D2H of 16 prioritized jax.Array.
[2026-01-17 15:45:07,397][absl][INFO] - Transferring arrays to host memory with options: use_replica_parallel=True, min_slice_bytes_for_replica_parallel=None, max_replicas_for_replica_parallel=None, enable_pinned_host_transfer=True
[2026-01-17 15:45:07,399][absl][INFO] - [process=0][thread=MainThread] Initiated "orbax.checkpoint._src.serialization.jax_array_handlers.ArrayHandler".serialize. Time taken: 0.002578s
[2026-01-17 15:45:07,403][absl][INFO] - [process=0] /jax/checkpoint/write/blocking_gbytes_per_sec: 152.480 MiB/s (total gbytes: 1.1 MiB) (time elapsed: 7 milliseconds) (per-host)
[2026-01-17 15:45:07,404][absl][INFO] - [process=0][thread=MainThread] Initiated Pytree async_save. Time taken: 0.008012s (batch_requests_ready=0.000792s, total_serialization_initiated=0.005649s, others=0.001570s)
[2026-01-17 15:45:07,404][absl][INFO] - [process=0][thread=MainThread][operation_id=8] _SignalingThread.join() waiting for signals ([]) blocking the main thread will slow down blocking save times. This is likely due to main thread calling result() on a CommitFuture.
[2026-01-17 15:45:07,408][absl][INFO] - [process=0][thread=array_type_handler] Wrote 16 array_metadata.ArrayMetadata to /home/romanohu/project/wkb/SocialJax/runs/2026-01-17_15-43-47/svo/agent_0/checkpoint_20.orbax-checkpoint-tmp/array_metadatas/process_0
[2026-01-17 15:45:07,496][absl][INFO] - [process=0][thread=write_metadata_after_commits] Commit + Array metadata written. Time taken: 0.090433s (commit=0.085528s, array_metadata_write=0.004906s)
[2026-01-17 15:45:07,498][absl][INFO] - [process=0] /jax/checkpoint/write/gbytes_per_sec: 10.867 MiB/s (total gbytes: 1.1 MiB) (time elapsed: 101 milliseconds) (per-host)
[2026-01-17 15:45:07,504][absl][INFO] - [process=0][thread=MainThread] Skipped cross-host ArrayMetadata validation because only one process is found: process_index=0.
[2026-01-17 15:45:07,520][absl][INFO] - [process=0][thread=MainThread] Pytree save finalize (merge_ocdbt + ArrayMetadata validation) completed. Time taken: 0.018696s. use_zarr3=False, enable_post_merge_validation=True, directory=/home/romanohu/project/wkb/SocialJax/runs/2026-01-17_15-43-47/svo/agent_0/checkpoint_20.orbax-checkpoint-tmp
[2026-01-17 15:45:07,521][absl][INFO] - Renaming /home/romanohu/project/wkb/SocialJax/runs/2026-01-17_15-43-47/svo/agent_0/checkpoint_20.orbax-checkpoint-tmp to /home/romanohu/project/wkb/SocialJax/runs/2026-01-17_15-43-47/svo/agent_0/checkpoint_20
[2026-01-17 15:45:07,524][absl][INFO] - [process=0][thread=MainThread] Finished saving checkpoint (finalized tmp dir) to `/home/romanohu/project/wkb/SocialJax/runs/2026-01-17_15-43-47/svo/agent_0/checkpoint_20`.
[2026-01-17 15:45:07,526][absl][INFO] - Finished synchronous save in 0.13 seconds to /home/romanohu/project/wkb/SocialJax/runs/2026-01-17_15-43-47/svo/agent_0/checkpoint_20
[2026-01-17 15:45:07,527][absl][INFO] - Saving checkpoint at step: 20
[2026-01-17 15:45:07,528][absl][INFO] - Using Orbax as backend to save Flax checkpoints. For potential troubleshooting see: https://flax.readthedocs.io/en/latest/guides/training_techniques/use_checkpointing.html#orbax-as-backend-troubleshooting
[2026-01-17 15:45:07,528][absl][INFO] - save_device_host_concurrent_bytes=None
[2026-01-17 15:45:07,529][absl][INFO] - Created BasePyTreeCheckpointHandler: use_ocdbt=True, use_zarr3=False, pytree_metadata_options=PyTreeMetadataOptions(support_rich_types=False), array_metadata_store=<orbax.checkpoint._src.metadata.array_metadata_store.Store object at 0x753714998370>, enable_pinned_host_transfer=True, save_concurrent_bytes: 96000000000 (89.4 GiB), restore_concurrent_bytes: 96000000000 (89.4 GiB)
[2026-01-17 15:45:07,529][absl][INFO] - [process=0] Started saving checkpoint to /home/romanohu/project/wkb/SocialJax/runs/2026-01-17_15-43-47/svo/agent_1/checkpoint_20.
[2026-01-17 15:45:07,531][absl][INFO] - Creating tmp directory /home/romanohu/project/wkb/SocialJax/runs/2026-01-17_15-43-47/svo/agent_1/checkpoint_20.orbax-checkpoint-tmp
[2026-01-17 15:45:07,533][absl][INFO] - Scheduling D2H of 16 prioritized jax.Array.
[2026-01-17 15:45:07,534][absl][INFO] - Transferring arrays to host memory with options: use_replica_parallel=True, min_slice_bytes_for_replica_parallel=None, max_replicas_for_replica_parallel=None, enable_pinned_host_transfer=True
[2026-01-17 15:45:07,535][absl][INFO] - [process=0][thread=MainThread] Initiated "orbax.checkpoint._src.serialization.jax_array_handlers.ArrayHandler".serialize. Time taken: 0.002221s
[2026-01-17 15:45:07,540][absl][INFO] - [process=0] /jax/checkpoint/write/blocking_gbytes_per_sec: 142.036 MiB/s (total gbytes: 1.1 MiB) (time elapsed: 7 milliseconds) (per-host)
[2026-01-17 15:45:07,543][absl][INFO] - [process=0][thread=MainThread] Initiated Pytree async_save. Time taken: 0.011641s (batch_requests_ready=0.000955s, total_serialization_initiated=0.003159s, others=0.007526s)
[2026-01-17 15:45:07,544][absl][INFO] - [process=0][thread=MainThread][operation_id=9] _SignalingThread.join() waiting for signals ([]) blocking the main thread will slow down blocking save times. This is likely due to main thread calling result() on a CommitFuture.
[2026-01-17 15:45:07,546][absl][INFO] - [process=0][thread=array_type_handler] Wrote 16 array_metadata.ArrayMetadata to /home/romanohu/project/wkb/SocialJax/runs/2026-01-17_15-43-47/svo/agent_1/checkpoint_20.orbax-checkpoint-tmp/array_metadatas/process_0
[2026-01-17 15:45:07,640][absl][INFO] - [process=0][thread=write_metadata_after_commits] Commit + Array metadata written. Time taken: 0.099936s (commit=0.095430s, array_metadata_write=0.004507s)
[2026-01-17 15:45:07,642][absl][INFO] - [process=0] /jax/checkpoint/write/gbytes_per_sec: 10.073 MiB/s (total gbytes: 1.1 MiB) (time elapsed: 110 milliseconds) (per-host)
[2026-01-17 15:45:07,647][absl][INFO] - [process=0][thread=MainThread] Skipped cross-host ArrayMetadata validation because only one process is found: process_index=0.
[2026-01-17 15:45:07,659][absl][INFO] - [process=0][thread=MainThread] Pytree save finalize (merge_ocdbt + ArrayMetadata validation) completed. Time taken: 0.014349s. use_zarr3=False, enable_post_merge_validation=True, directory=/home/romanohu/project/wkb/SocialJax/runs/2026-01-17_15-43-47/svo/agent_1/checkpoint_20.orbax-checkpoint-tmp
[2026-01-17 15:45:07,659][absl][INFO] - Renaming /home/romanohu/project/wkb/SocialJax/runs/2026-01-17_15-43-47/svo/agent_1/checkpoint_20.orbax-checkpoint-tmp to /home/romanohu/project/wkb/SocialJax/runs/2026-01-17_15-43-47/svo/agent_1/checkpoint_20
[2026-01-17 15:45:07,661][absl][INFO] - [process=0][thread=MainThread] Finished saving checkpoint (finalized tmp dir) to `/home/romanohu/project/wkb/SocialJax/runs/2026-01-17_15-43-47/svo/agent_1/checkpoint_20`.
[2026-01-17 15:45:07,662][absl][INFO] - Finished synchronous save in 0.13 seconds to /home/romanohu/project/wkb/SocialJax/runs/2026-01-17_15-43-47/svo/agent_1/checkpoint_20
[2026-01-17 15:45:07,662][absl][INFO] - Saving checkpoint at step: 20
[2026-01-17 15:45:07,663][absl][INFO] - Using Orbax as backend to save Flax checkpoints. For potential troubleshooting see: https://flax.readthedocs.io/en/latest/guides/training_techniques/use_checkpointing.html#orbax-as-backend-troubleshooting
[2026-01-17 15:45:07,663][absl][INFO] - save_device_host_concurrent_bytes=None
[2026-01-17 15:45:07,663][absl][INFO] - Created BasePyTreeCheckpointHandler: use_ocdbt=True, use_zarr3=False, pytree_metadata_options=PyTreeMetadataOptions(support_rich_types=False), array_metadata_store=<orbax.checkpoint._src.metadata.array_metadata_store.Store object at 0x753714998370>, enable_pinned_host_transfer=True, save_concurrent_bytes: 96000000000 (89.4 GiB), restore_concurrent_bytes: 96000000000 (89.4 GiB)
[2026-01-17 15:45:07,664][absl][INFO] - [process=0] Started saving checkpoint to /home/romanohu/project/wkb/SocialJax/runs/2026-01-17_15-43-47/svo/agent_2/checkpoint_20.
[2026-01-17 15:45:07,664][absl][INFO] - Creating tmp directory /home/romanohu/project/wkb/SocialJax/runs/2026-01-17_15-43-47/svo/agent_2/checkpoint_20.orbax-checkpoint-tmp
[2026-01-17 15:45:07,667][absl][INFO] - Scheduling D2H of 16 prioritized jax.Array.
[2026-01-17 15:45:07,667][absl][INFO] - Transferring arrays to host memory with options: use_replica_parallel=True, min_slice_bytes_for_replica_parallel=None, max_replicas_for_replica_parallel=None, enable_pinned_host_transfer=True
[2026-01-17 15:45:07,668][absl][INFO] - [process=0][thread=MainThread] Initiated "orbax.checkpoint._src.serialization.jax_array_handlers.ArrayHandler".serialize. Time taken: 0.001560s
[2026-01-17 15:45:07,670][absl][INFO] - [process=0] /jax/checkpoint/write/blocking_gbytes_per_sec: 217.340 MiB/s (total gbytes: 1.1 MiB) (time elapsed: 5 milliseconds) (per-host)
[2026-01-17 15:45:07,673][absl][INFO] - [process=0][thread=MainThread] Initiated Pytree async_save. Time taken: 0.007903s (batch_requests_ready=0.000824s, total_serialization_initiated=0.002699s, others=0.004380s)
[2026-01-17 15:45:07,673][absl][INFO] - [process=0][thread=MainThread][operation_id=10] _SignalingThread.join() waiting for signals ([]) blocking the main thread will slow down blocking save times. This is likely due to main thread calling result() on a CommitFuture.
[2026-01-17 15:45:07,675][absl][INFO] - [process=0][thread=array_type_handler] Wrote 16 array_metadata.ArrayMetadata to /home/romanohu/project/wkb/SocialJax/runs/2026-01-17_15-43-47/svo/agent_2/checkpoint_20.orbax-checkpoint-tmp/array_metadatas/process_0
[2026-01-17 15:45:07,765][absl][INFO] - [process=0][thread=write_metadata_after_commits] Commit + Array metadata written. Time taken: 0.094108s (commit=0.090525s, array_metadata_write=0.003583s)
[2026-01-17 15:45:07,766][absl][INFO] - [process=0] /jax/checkpoint/write/gbytes_per_sec: 10.986 MiB/s (total gbytes: 1.1 MiB) (time elapsed: 100 milliseconds) (per-host)
[2026-01-17 15:45:07,769][absl][INFO] - [process=0][thread=MainThread] Skipped cross-host ArrayMetadata validation because only one process is found: process_index=0.
[2026-01-17 15:45:07,781][absl][INFO] - [process=0][thread=MainThread] Pytree save finalize (merge_ocdbt + ArrayMetadata validation) completed. Time taken: 0.012670s. use_zarr3=False, enable_post_merge_validation=True, directory=/home/romanohu/project/wkb/SocialJax/runs/2026-01-17_15-43-47/svo/agent_2/checkpoint_20.orbax-checkpoint-tmp
[2026-01-17 15:45:07,781][absl][INFO] - Renaming /home/romanohu/project/wkb/SocialJax/runs/2026-01-17_15-43-47/svo/agent_2/checkpoint_20.orbax-checkpoint-tmp to /home/romanohu/project/wkb/SocialJax/runs/2026-01-17_15-43-47/svo/agent_2/checkpoint_20
[2026-01-17 15:45:07,783][absl][INFO] - [process=0][thread=MainThread] Finished saving checkpoint (finalized tmp dir) to `/home/romanohu/project/wkb/SocialJax/runs/2026-01-17_15-43-47/svo/agent_2/checkpoint_20`.
[2026-01-17 15:45:07,784][absl][INFO] - Finished synchronous save in 0.12 seconds to /home/romanohu/project/wkb/SocialJax/runs/2026-01-17_15-43-47/svo/agent_2/checkpoint_20
[2026-01-17 15:45:07,784][absl][INFO] - Saving checkpoint at step: 20
[2026-01-17 15:45:07,784][absl][INFO] - Using Orbax as backend to save Flax checkpoints. For potential troubleshooting see: https://flax.readthedocs.io/en/latest/guides/training_techniques/use_checkpointing.html#orbax-as-backend-troubleshooting
[2026-01-17 15:45:07,784][absl][INFO] - save_device_host_concurrent_bytes=None
[2026-01-17 15:45:07,784][absl][INFO] - Created BasePyTreeCheckpointHandler: use_ocdbt=True, use_zarr3=False, pytree_metadata_options=PyTreeMetadataOptions(support_rich_types=False), array_metadata_store=<orbax.checkpoint._src.metadata.array_metadata_store.Store object at 0x753714998370>, enable_pinned_host_transfer=True, save_concurrent_bytes: 96000000000 (89.4 GiB), restore_concurrent_bytes: 96000000000 (89.4 GiB)
[2026-01-17 15:45:07,784][absl][INFO] - [process=0] Started saving checkpoint to /home/romanohu/project/wkb/SocialJax/runs/2026-01-17_15-43-47/svo/agent_3/checkpoint_20.
[2026-01-17 15:45:07,785][absl][INFO] - Creating tmp directory /home/romanohu/project/wkb/SocialJax/runs/2026-01-17_15-43-47/svo/agent_3/checkpoint_20.orbax-checkpoint-tmp
[2026-01-17 15:45:07,787][absl][INFO] - Scheduling D2H of 16 prioritized jax.Array.
[2026-01-17 15:45:07,787][absl][INFO] - Transferring arrays to host memory with options: use_replica_parallel=True, min_slice_bytes_for_replica_parallel=None, max_replicas_for_replica_parallel=None, enable_pinned_host_transfer=True
[2026-01-17 15:45:07,788][absl][INFO] - [process=0][thread=MainThread] Initiated "orbax.checkpoint._src.serialization.jax_array_handlers.ArrayHandler".serialize. Time taken: 0.001459s
[2026-01-17 15:45:07,788][absl][INFO] - [process=0] /jax/checkpoint/write/blocking_gbytes_per_sec: 411.609 MiB/s (total gbytes: 1.1 MiB) (time elapsed: 2 milliseconds) (per-host)
[2026-01-17 15:45:07,792][absl][INFO] - [process=0][thread=MainThread] Initiated Pytree async_save. Time taken: 0.006608s (batch_requests_ready=0.000537s, total_serialization_initiated=0.001994s, others=0.004077s)
[2026-01-17 15:45:07,792][absl][INFO] - [process=0][thread=MainThread][operation_id=11] _SignalingThread.join() waiting for signals ([]) blocking the main thread will slow down blocking save times. This is likely due to main thread calling result() on a CommitFuture.
[2026-01-17 15:45:07,796][absl][INFO] - [process=0][thread=array_type_handler] Wrote 16 array_metadata.ArrayMetadata to /home/romanohu/project/wkb/SocialJax/runs/2026-01-17_15-43-47/svo/agent_3/checkpoint_20.orbax-checkpoint-tmp/array_metadatas/process_0
[2026-01-17 15:45:07,879][absl][INFO] - [process=0][thread=write_metadata_after_commits] Commit + Array metadata written. Time taken: 0.090274s (commit=0.087910s, array_metadata_write=0.002363s)
[2026-01-17 15:45:07,881][absl][INFO] - [process=0] /jax/checkpoint/write/gbytes_per_sec: 11.685 MiB/s (total gbytes: 1.1 MiB) (time elapsed: 94 milliseconds) (per-host)
[2026-01-17 15:45:07,888][absl][INFO] - [process=0][thread=MainThread] Skipped cross-host ArrayMetadata validation because only one process is found: process_index=0.
[2026-01-17 15:45:07,901][absl][INFO] - [process=0][thread=MainThread] Pytree save finalize (merge_ocdbt + ArrayMetadata validation) completed. Time taken: 0.016608s. use_zarr3=False, enable_post_merge_validation=True, directory=/home/romanohu/project/wkb/SocialJax/runs/2026-01-17_15-43-47/svo/agent_3/checkpoint_20.orbax-checkpoint-tmp
[2026-01-17 15:45:07,902][absl][INFO] - Renaming /home/romanohu/project/wkb/SocialJax/runs/2026-01-17_15-43-47/svo/agent_3/checkpoint_20.orbax-checkpoint-tmp to /home/romanohu/project/wkb/SocialJax/runs/2026-01-17_15-43-47/svo/agent_3/checkpoint_20
[2026-01-17 15:45:07,905][absl][INFO] - [process=0][thread=MainThread] Finished saving checkpoint (finalized tmp dir) to `/home/romanohu/project/wkb/SocialJax/runs/2026-01-17_15-43-47/svo/agent_3/checkpoint_20`.
[2026-01-17 15:45:07,905][absl][INFO] - Finished synchronous save in 0.12 seconds to /home/romanohu/project/wkb/SocialJax/runs/2026-01-17_15-43-47/svo/agent_3/checkpoint_20
[2026-01-17 15:45:07,906][absl][INFO] - Saving checkpoint at step: 20
[2026-01-17 15:45:07,906][absl][INFO] - Using Orbax as backend to save Flax checkpoints. For potential troubleshooting see: https://flax.readthedocs.io/en/latest/guides/training_techniques/use_checkpointing.html#orbax-as-backend-troubleshooting
[2026-01-17 15:45:07,906][absl][INFO] - save_device_host_concurrent_bytes=None
[2026-01-17 15:45:07,906][absl][INFO] - Created BasePyTreeCheckpointHandler: use_ocdbt=True, use_zarr3=False, pytree_metadata_options=PyTreeMetadataOptions(support_rich_types=False), array_metadata_store=<orbax.checkpoint._src.metadata.array_metadata_store.Store object at 0x753714998370>, enable_pinned_host_transfer=True, save_concurrent_bytes: 96000000000 (89.4 GiB), restore_concurrent_bytes: 96000000000 (89.4 GiB)
[2026-01-17 15:45:07,906][absl][INFO] - [process=0] Started saving checkpoint to /home/romanohu/project/wkb/SocialJax/runs/2026-01-17_15-43-47/svo/agent_4/checkpoint_20.
[2026-01-17 15:45:07,907][absl][INFO] - Creating tmp directory /home/romanohu/project/wkb/SocialJax/runs/2026-01-17_15-43-47/svo/agent_4/checkpoint_20.orbax-checkpoint-tmp
[2026-01-17 15:45:07,909][absl][INFO] - Scheduling D2H of 16 prioritized jax.Array.
[2026-01-17 15:45:07,909][absl][INFO] - Transferring arrays to host memory with options: use_replica_parallel=True, min_slice_bytes_for_replica_parallel=None, max_replicas_for_replica_parallel=None, enable_pinned_host_transfer=True
[2026-01-17 15:45:07,910][absl][INFO] - [process=0][thread=MainThread] Initiated "orbax.checkpoint._src.serialization.jax_array_handlers.ArrayHandler".serialize. Time taken: 0.001474s
[2026-01-17 15:45:07,919][absl][INFO] - [process=0] /jax/checkpoint/write/blocking_gbytes_per_sec: 100.796 MiB/s (total gbytes: 1.1 MiB) (time elapsed: 10 milliseconds) (per-host)
[2026-01-17 15:45:07,921][absl][INFO] - [process=0][thread=MainThread] Initiated Pytree async_save. Time taken: 0.012597s (batch_requests_ready=0.000591s, total_serialization_initiated=0.009435s, others=0.002571s)
[2026-01-17 15:45:07,921][absl][INFO] - [process=0][thread=MainThread][operation_id=12] _SignalingThread.join() waiting for signals ([]) blocking the main thread will slow down blocking save times. This is likely due to main thread calling result() on a CommitFuture.
[2026-01-17 15:45:07,921][absl][INFO] - [process=0][thread=array_type_handler] Wrote 16 array_metadata.ArrayMetadata to /home/romanohu/project/wkb/SocialJax/runs/2026-01-17_15-43-47/svo/agent_4/checkpoint_20.orbax-checkpoint-tmp/array_metadatas/process_0
[2026-01-17 15:45:07,996][absl][INFO] - [process=0][thread=write_metadata_after_commits] Commit + Array metadata written. Time taken: 0.076969s (commit=0.073442s, array_metadata_write=0.003527s)
[2026-01-17 15:45:07,998][absl][INFO] - [process=0] /jax/checkpoint/write/gbytes_per_sec: 12.392 MiB/s (total gbytes: 1.1 MiB) (time elapsed: 89 milliseconds) (per-host)
[2026-01-17 15:45:08,004][absl][INFO] - [process=0][thread=MainThread] Skipped cross-host ArrayMetadata validation because only one process is found: process_index=0.
[2026-01-17 15:45:08,015][absl][INFO] - [process=0][thread=MainThread] Pytree save finalize (merge_ocdbt + ArrayMetadata validation) completed. Time taken: 0.013712s. use_zarr3=False, enable_post_merge_validation=True, directory=/home/romanohu/project/wkb/SocialJax/runs/2026-01-17_15-43-47/svo/agent_4/checkpoint_20.orbax-checkpoint-tmp
[2026-01-17 15:45:08,016][absl][INFO] - Renaming /home/romanohu/project/wkb/SocialJax/runs/2026-01-17_15-43-47/svo/agent_4/checkpoint_20.orbax-checkpoint-tmp to /home/romanohu/project/wkb/SocialJax/runs/2026-01-17_15-43-47/svo/agent_4/checkpoint_20
[2026-01-17 15:45:08,020][absl][INFO] - [process=0][thread=MainThread] Finished saving checkpoint (finalized tmp dir) to `/home/romanohu/project/wkb/SocialJax/runs/2026-01-17_15-43-47/svo/agent_4/checkpoint_20`.
[2026-01-17 15:45:08,022][absl][INFO] - Finished synchronous save in 0.12 seconds to /home/romanohu/project/wkb/SocialJax/runs/2026-01-17_15-43-47/svo/agent_4/checkpoint_20
[2026-01-17 15:45:08,023][absl][INFO] - Saving checkpoint at step: 20
[2026-01-17 15:45:08,023][absl][INFO] - Using Orbax as backend to save Flax checkpoints. For potential troubleshooting see: https://flax.readthedocs.io/en/latest/guides/training_techniques/use_checkpointing.html#orbax-as-backend-troubleshooting
[2026-01-17 15:45:08,023][absl][INFO] - save_device_host_concurrent_bytes=None
[2026-01-17 15:45:08,024][absl][INFO] - Created BasePyTreeCheckpointHandler: use_ocdbt=True, use_zarr3=False, pytree_metadata_options=PyTreeMetadataOptions(support_rich_types=False), array_metadata_store=<orbax.checkpoint._src.metadata.array_metadata_store.Store object at 0x753714998370>, enable_pinned_host_transfer=True, save_concurrent_bytes: 96000000000 (89.4 GiB), restore_concurrent_bytes: 96000000000 (89.4 GiB)
[2026-01-17 15:45:08,024][absl][INFO] - [process=0] Started saving checkpoint to /home/romanohu/project/wkb/SocialJax/runs/2026-01-17_15-43-47/svo/agent_5/checkpoint_20.
[2026-01-17 15:45:08,025][absl][INFO] - Creating tmp directory /home/romanohu/project/wkb/SocialJax/runs/2026-01-17_15-43-47/svo/agent_5/checkpoint_20.orbax-checkpoint-tmp
[2026-01-17 15:45:08,028][absl][INFO] - Scheduling D2H of 16 prioritized jax.Array.
[2026-01-17 15:45:08,028][absl][INFO] - Transferring arrays to host memory with options: use_replica_parallel=True, min_slice_bytes_for_replica_parallel=None, max_replicas_for_replica_parallel=None, enable_pinned_host_transfer=True
[2026-01-17 15:45:08,030][absl][INFO] - [process=0][thread=MainThread] Initiated "orbax.checkpoint._src.serialization.jax_array_handlers.ArrayHandler".serialize. Time taken: 0.001342s
[2026-01-17 15:45:08,031][absl][INFO] - [process=0] /jax/checkpoint/write/blocking_gbytes_per_sec: 251.358 MiB/s (total gbytes: 1.1 MiB) (time elapsed: 4 milliseconds) (per-host)
[2026-01-17 15:45:08,032][absl][INFO] - [process=0][thread=MainThread] Initiated Pytree async_save. Time taken: 0.005674s (batch_requests_ready=0.000911s, total_serialization_initiated=0.002279s, others=0.002484s)
[2026-01-17 15:45:08,035][absl][INFO] - [process=0][thread=MainThread][operation_id=13] _SignalingThread.join() waiting for signals ([]) blocking the main thread will slow down blocking save times. This is likely due to main thread calling result() on a CommitFuture.
[2026-01-17 15:45:08,038][absl][INFO] - [process=0][thread=array_type_handler] Wrote 16 array_metadata.ArrayMetadata to /home/romanohu/project/wkb/SocialJax/runs/2026-01-17_15-43-47/svo/agent_5/checkpoint_20.orbax-checkpoint-tmp/array_metadatas/process_0
[2026-01-17 15:45:08,118][absl][INFO] - [process=0][thread=write_metadata_after_commits] Commit + Array metadata written. Time taken: 0.084950s (commit=0.081203s, array_metadata_write=0.003747s)
[2026-01-17 15:45:08,120][absl][INFO] - [process=0] /jax/checkpoint/write/gbytes_per_sec: 11.916 MiB/s (total gbytes: 1.1 MiB) (time elapsed: 93 milliseconds) (per-host)
[2026-01-17 15:45:08,125][absl][INFO] - [process=0][thread=MainThread] Skipped cross-host ArrayMetadata validation because only one process is found: process_index=0.
[2026-01-17 15:45:08,139][absl][INFO] - [process=0][thread=MainThread] Pytree save finalize (merge_ocdbt + ArrayMetadata validation) completed. Time taken: 0.016221s. use_zarr3=False, enable_post_merge_validation=True, directory=/home/romanohu/project/wkb/SocialJax/runs/2026-01-17_15-43-47/svo/agent_5/checkpoint_20.orbax-checkpoint-tmp
[2026-01-17 15:45:08,140][absl][INFO] - Renaming /home/romanohu/project/wkb/SocialJax/runs/2026-01-17_15-43-47/svo/agent_5/checkpoint_20.orbax-checkpoint-tmp to /home/romanohu/project/wkb/SocialJax/runs/2026-01-17_15-43-47/svo/agent_5/checkpoint_20
[2026-01-17 15:45:08,143][absl][INFO] - [process=0][thread=MainThread] Finished saving checkpoint (finalized tmp dir) to `/home/romanohu/project/wkb/SocialJax/runs/2026-01-17_15-43-47/svo/agent_5/checkpoint_20`.
[2026-01-17 15:45:08,144][absl][INFO] - Finished synchronous save in 0.12 seconds to /home/romanohu/project/wkb/SocialJax/runs/2026-01-17_15-43-47/svo/agent_5/checkpoint_20
[2026-01-17 15:45:08,144][absl][INFO] - Saving checkpoint at step: 20
[2026-01-17 15:45:08,145][absl][INFO] - Using Orbax as backend to save Flax checkpoints. For potential troubleshooting see: https://flax.readthedocs.io/en/latest/guides/training_techniques/use_checkpointing.html#orbax-as-backend-troubleshooting
[2026-01-17 15:45:08,145][absl][INFO] - save_device_host_concurrent_bytes=None
[2026-01-17 15:45:08,145][absl][INFO] - Created BasePyTreeCheckpointHandler: use_ocdbt=True, use_zarr3=False, pytree_metadata_options=PyTreeMetadataOptions(support_rich_types=False), array_metadata_store=<orbax.checkpoint._src.metadata.array_metadata_store.Store object at 0x753714998370>, enable_pinned_host_transfer=True, save_concurrent_bytes: 96000000000 (89.4 GiB), restore_concurrent_bytes: 96000000000 (89.4 GiB)
[2026-01-17 15:45:08,145][absl][INFO] - [process=0] Started saving checkpoint to /home/romanohu/project/wkb/SocialJax/runs/2026-01-17_15-43-47/svo/agent_6/checkpoint_20.
[2026-01-17 15:45:08,146][absl][INFO] - Creating tmp directory /home/romanohu/project/wkb/SocialJax/runs/2026-01-17_15-43-47/svo/agent_6/checkpoint_20.orbax-checkpoint-tmp
[2026-01-17 15:45:08,148][absl][INFO] - Scheduling D2H of 16 prioritized jax.Array.
[2026-01-17 15:45:08,148][absl][INFO] - Transferring arrays to host memory with options: use_replica_parallel=True, min_slice_bytes_for_replica_parallel=None, max_replicas_for_replica_parallel=None, enable_pinned_host_transfer=True
[2026-01-17 15:45:08,150][absl][INFO] - [process=0][thread=MainThread] Initiated "orbax.checkpoint._src.serialization.jax_array_handlers.ArrayHandler".serialize. Time taken: 0.001674s
[2026-01-17 15:45:08,154][absl][INFO] - [process=0] /jax/checkpoint/write/blocking_gbytes_per_sec: 157.331 MiB/s (total gbytes: 1.1 MiB) (time elapsed: 7 milliseconds) (per-host)
[2026-01-17 15:45:08,156][absl][INFO] - [process=0][thread=MainThread] Initiated Pytree async_save. Time taken: 0.008870s (batch_requests_ready=0.000716s, total_serialization_initiated=0.005940s, others=0.002213s)
[2026-01-17 15:45:08,156][absl][INFO] - [process=0][thread=MainThread][operation_id=14] _SignalingThread.join() waiting for signals ([]) blocking the main thread will slow down blocking save times. This is likely due to main thread calling result() on a CommitFuture.
[2026-01-17 15:45:08,159][absl][INFO] - [process=0][thread=array_type_handler] Wrote 16 array_metadata.ArrayMetadata to /home/romanohu/project/wkb/SocialJax/runs/2026-01-17_15-43-47/svo/agent_6/checkpoint_20.orbax-checkpoint-tmp/array_metadatas/process_0
[2026-01-17 15:45:08,233][absl][INFO] - [process=0][thread=write_metadata_after_commits] Commit + Array metadata written. Time taken: 0.078894s (commit=0.074355s, array_metadata_write=0.004539s)
[2026-01-17 15:45:08,235][absl][INFO] - [process=0] /jax/checkpoint/write/gbytes_per_sec: 12.602 MiB/s (total gbytes: 1.1 MiB) (time elapsed: 87 milliseconds) (per-host)
[2026-01-17 15:45:08,241][absl][INFO] - [process=0][thread=MainThread] Skipped cross-host ArrayMetadata validation because only one process is found: process_index=0.
[2026-01-17 15:45:08,253][absl][INFO] - [process=0][thread=MainThread] Pytree save finalize (merge_ocdbt + ArrayMetadata validation) completed. Time taken: 0.014728s. use_zarr3=False, enable_post_merge_validation=True, directory=/home/romanohu/project/wkb/SocialJax/runs/2026-01-17_15-43-47/svo/agent_6/checkpoint_20.orbax-checkpoint-tmp
[2026-01-17 15:45:08,255][absl][INFO] - Renaming /home/romanohu/project/wkb/SocialJax/runs/2026-01-17_15-43-47/svo/agent_6/checkpoint_20.orbax-checkpoint-tmp to /home/romanohu/project/wkb/SocialJax/runs/2026-01-17_15-43-47/svo/agent_6/checkpoint_20
[2026-01-17 15:45:08,258][absl][INFO] - [process=0][thread=MainThread] Finished saving checkpoint (finalized tmp dir) to `/home/romanohu/project/wkb/SocialJax/runs/2026-01-17_15-43-47/svo/agent_6/checkpoint_20`.
[2026-01-17 15:45:08,259][absl][INFO] - Finished synchronous save in 0.11 seconds to /home/romanohu/project/wkb/SocialJax/runs/2026-01-17_15-43-47/svo/agent_6/checkpoint_20
[2026-01-17 15:45:29,463][absl][INFO] - Saving checkpoint at step: 30
[2026-01-17 15:45:29,464][absl][INFO] - Using Orbax as backend to save Flax checkpoints. For potential troubleshooting see: https://flax.readthedocs.io/en/latest/guides/training_techniques/use_checkpointing.html#orbax-as-backend-troubleshooting
[2026-01-17 15:45:29,464][absl][INFO] - save_device_host_concurrent_bytes=None
[2026-01-17 15:45:29,464][absl][INFO] - Created BasePyTreeCheckpointHandler: use_ocdbt=True, use_zarr3=False, pytree_metadata_options=PyTreeMetadataOptions(support_rich_types=False), array_metadata_store=<orbax.checkpoint._src.metadata.array_metadata_store.Store object at 0x753714998370>, enable_pinned_host_transfer=True, save_concurrent_bytes: 96000000000 (89.4 GiB), restore_concurrent_bytes: 96000000000 (89.4 GiB)
[2026-01-17 15:45:29,465][absl][INFO] - [process=0] Started saving checkpoint to /home/romanohu/project/wkb/SocialJax/runs/2026-01-17_15-43-47/svo/agent_0/checkpoint_30.
[2026-01-17 15:45:29,466][absl][INFO] - Creating tmp directory /home/romanohu/project/wkb/SocialJax/runs/2026-01-17_15-43-47/svo/agent_0/checkpoint_30.orbax-checkpoint-tmp
[2026-01-17 15:45:29,470][absl][INFO] - Scheduling D2H of 16 prioritized jax.Array.
[2026-01-17 15:45:29,471][absl][INFO] - Transferring arrays to host memory with options: use_replica_parallel=True, min_slice_bytes_for_replica_parallel=None, max_replicas_for_replica_parallel=None, enable_pinned_host_transfer=True
[2026-01-17 15:45:29,474][absl][INFO] - [process=0][thread=MainThread] Initiated "orbax.checkpoint._src.serialization.jax_array_handlers.ArrayHandler".serialize. Time taken: 0.004266s
[2026-01-17 15:45:29,476][absl][INFO] - [process=0] /jax/checkpoint/write/blocking_gbytes_per_sec: 149.938 MiB/s (total gbytes: 1.1 MiB) (time elapsed: 7 milliseconds) (per-host)
[2026-01-17 15:45:29,477][absl][INFO] - [process=0][thread=MainThread] Initiated Pytree async_save. Time taken: 0.008288s (batch_requests_ready=0.000690s, total_serialization_initiated=0.006182s, others=0.001417s)
[2026-01-17 15:45:29,477][absl][INFO] - [process=0][thread=MainThread][operation_id=15] _SignalingThread.join() waiting for signals ([]) blocking the main thread will slow down blocking save times. This is likely due to main thread calling result() on a CommitFuture.
[2026-01-17 15:45:29,482][absl][INFO] - [process=0][thread=array_type_handler] Wrote 16 array_metadata.ArrayMetadata to /home/romanohu/project/wkb/SocialJax/runs/2026-01-17_15-43-47/svo/agent_0/checkpoint_30.orbax-checkpoint-tmp/array_metadatas/process_0
[2026-01-17 15:45:29,575][absl][INFO] - [process=0][thread=write_metadata_after_commits] Commit + Array metadata written. Time taken: 0.095804s (commit=0.091496s, array_metadata_write=0.004309s)
[2026-01-17 15:45:29,577][absl][INFO] - [process=0] /jax/checkpoint/write/gbytes_per_sec: 10.249 MiB/s (total gbytes: 1.1 MiB) (time elapsed: 108 milliseconds) (per-host)
[2026-01-17 15:45:29,583][absl][INFO] - [process=0][thread=MainThread] Skipped cross-host ArrayMetadata validation because only one process is found: process_index=0.
[2026-01-17 15:45:29,594][absl][INFO] - [process=0][thread=MainThread] Pytree save finalize (merge_ocdbt + ArrayMetadata validation) completed. Time taken: 0.014297s. use_zarr3=False, enable_post_merge_validation=True, directory=/home/romanohu/project/wkb/SocialJax/runs/2026-01-17_15-43-47/svo/agent_0/checkpoint_30.orbax-checkpoint-tmp
[2026-01-17 15:45:29,598][absl][INFO] - Renaming /home/romanohu/project/wkb/SocialJax/runs/2026-01-17_15-43-47/svo/agent_0/checkpoint_30.orbax-checkpoint-tmp to /home/romanohu/project/wkb/SocialJax/runs/2026-01-17_15-43-47/svo/agent_0/checkpoint_30
[2026-01-17 15:45:29,601][absl][INFO] - [process=0][thread=MainThread] Finished saving checkpoint (finalized tmp dir) to `/home/romanohu/project/wkb/SocialJax/runs/2026-01-17_15-43-47/svo/agent_0/checkpoint_30`.
[2026-01-17 15:45:29,602][absl][INFO] - Finished synchronous save in 0.14 seconds to /home/romanohu/project/wkb/SocialJax/runs/2026-01-17_15-43-47/svo/agent_0/checkpoint_30
[2026-01-17 15:45:29,603][absl][INFO] - Saving checkpoint at step: 30
[2026-01-17 15:45:29,603][absl][INFO] - Using Orbax as backend to save Flax checkpoints. For potential troubleshooting see: https://flax.readthedocs.io/en/latest/guides/training_techniques/use_checkpointing.html#orbax-as-backend-troubleshooting
[2026-01-17 15:45:29,604][absl][INFO] - save_device_host_concurrent_bytes=None
[2026-01-17 15:45:29,604][absl][INFO] - Created BasePyTreeCheckpointHandler: use_ocdbt=True, use_zarr3=False, pytree_metadata_options=PyTreeMetadataOptions(support_rich_types=False), array_metadata_store=<orbax.checkpoint._src.metadata.array_metadata_store.Store object at 0x753714998370>, enable_pinned_host_transfer=True, save_concurrent_bytes: 96000000000 (89.4 GiB), restore_concurrent_bytes: 96000000000 (89.4 GiB)
[2026-01-17 15:45:29,604][absl][INFO] - [process=0] Started saving checkpoint to /home/romanohu/project/wkb/SocialJax/runs/2026-01-17_15-43-47/svo/agent_1/checkpoint_30.
[2026-01-17 15:45:29,606][absl][INFO] - Creating tmp directory /home/romanohu/project/wkb/SocialJax/runs/2026-01-17_15-43-47/svo/agent_1/checkpoint_30.orbax-checkpoint-tmp
[2026-01-17 15:45:29,609][absl][INFO] - Scheduling D2H of 16 prioritized jax.Array.
[2026-01-17 15:45:29,609][absl][INFO] - Transferring arrays to host memory with options: use_replica_parallel=True, min_slice_bytes_for_replica_parallel=None, max_replicas_for_replica_parallel=None, enable_pinned_host_transfer=True
[2026-01-17 15:45:29,612][absl][INFO] - [process=0][thread=MainThread] Initiated "orbax.checkpoint._src.serialization.jax_array_handlers.ArrayHandler".serialize. Time taken: 0.002619s
[2026-01-17 15:45:29,617][absl][INFO] - [process=0] /jax/checkpoint/write/blocking_gbytes_per_sec: 116.915 MiB/s (total gbytes: 1.1 MiB) (time elapsed: 9 milliseconds) (per-host)
[2026-01-17 15:45:29,619][absl][INFO] - [process=0][thread=MainThread] Initiated Pytree async_save. Time taken: 0.011594s (batch_requests_ready=0.000748s, total_serialization_initiated=0.003212s, others=0.007633s)
[2026-01-17 15:45:29,619][absl][INFO] - [process=0][thread=MainThread][operation_id=16] _SignalingThread.join() waiting for signals ([]) blocking the main thread will slow down blocking save times. This is likely due to main thread calling result() on a CommitFuture.
[2026-01-17 15:45:29,623][absl][INFO] - [process=0][thread=array_type_handler] Wrote 16 array_metadata.ArrayMetadata to /home/romanohu/project/wkb/SocialJax/runs/2026-01-17_15-43-47/svo/agent_1/checkpoint_30.orbax-checkpoint-tmp/array_metadatas/process_0
[2026-01-17 15:45:29,701][absl][INFO] - [process=0][thread=write_metadata_after_commits] Commit + Array metadata written. Time taken: 0.082865s (commit=0.079895s, array_metadata_write=0.002970s)
[2026-01-17 15:45:29,702][absl][INFO] - [process=0] /jax/checkpoint/write/gbytes_per_sec: 11.771 MiB/s (total gbytes: 1.1 MiB) (time elapsed: 94 milliseconds) (per-host)
[2026-01-17 15:45:29,709][absl][INFO] - [process=0][thread=MainThread] Skipped cross-host ArrayMetadata validation because only one process is found: process_index=0.
[2026-01-17 15:45:29,719][absl][INFO] - [process=0][thread=MainThread] Pytree save finalize (merge_ocdbt + ArrayMetadata validation) completed. Time taken: 0.013876s. use_zarr3=False, enable_post_merge_validation=True, directory=/home/romanohu/project/wkb/SocialJax/runs/2026-01-17_15-43-47/svo/agent_1/checkpoint_30.orbax-checkpoint-tmp
[2026-01-17 15:45:29,721][absl][INFO] - Renaming /home/romanohu/project/wkb/SocialJax/runs/2026-01-17_15-43-47/svo/agent_1/checkpoint_30.orbax-checkpoint-tmp to /home/romanohu/project/wkb/SocialJax/runs/2026-01-17_15-43-47/svo/agent_1/checkpoint_30
[2026-01-17 15:45:29,724][absl][INFO] - [process=0][thread=MainThread] Finished saving checkpoint (finalized tmp dir) to `/home/romanohu/project/wkb/SocialJax/runs/2026-01-17_15-43-47/svo/agent_1/checkpoint_30`.
[2026-01-17 15:45:29,725][absl][INFO] - Finished synchronous save in 0.12 seconds to /home/romanohu/project/wkb/SocialJax/runs/2026-01-17_15-43-47/svo/agent_1/checkpoint_30
[2026-01-17 15:45:29,726][absl][INFO] - Saving checkpoint at step: 30
[2026-01-17 15:45:29,726][absl][INFO] - Using Orbax as backend to save Flax checkpoints. For potential troubleshooting see: https://flax.readthedocs.io/en/latest/guides/training_techniques/use_checkpointing.html#orbax-as-backend-troubleshooting
[2026-01-17 15:45:29,726][absl][INFO] - save_device_host_concurrent_bytes=None
[2026-01-17 15:45:29,726][absl][INFO] - Created BasePyTreeCheckpointHandler: use_ocdbt=True, use_zarr3=False, pytree_metadata_options=PyTreeMetadataOptions(support_rich_types=False), array_metadata_store=<orbax.checkpoint._src.metadata.array_metadata_store.Store object at 0x753714998370>, enable_pinned_host_transfer=True, save_concurrent_bytes: 96000000000 (89.4 GiB), restore_concurrent_bytes: 96000000000 (89.4 GiB)
[2026-01-17 15:45:29,727][absl][INFO] - [process=0] Started saving checkpoint to /home/romanohu/project/wkb/SocialJax/runs/2026-01-17_15-43-47/svo/agent_2/checkpoint_30.
[2026-01-17 15:45:29,728][absl][INFO] - Creating tmp directory /home/romanohu/project/wkb/SocialJax/runs/2026-01-17_15-43-47/svo/agent_2/checkpoint_30.orbax-checkpoint-tmp
[2026-01-17 15:45:29,731][absl][INFO] - Scheduling D2H of 16 prioritized jax.Array.
[2026-01-17 15:45:29,732][absl][INFO] - Transferring arrays to host memory with options: use_replica_parallel=True, min_slice_bytes_for_replica_parallel=None, max_replicas_for_replica_parallel=None, enable_pinned_host_transfer=True
[2026-01-17 15:45:29,735][absl][INFO] - [process=0][thread=MainThread] Initiated "orbax.checkpoint._src.serialization.jax_array_handlers.ArrayHandler".serialize. Time taken: 0.003334s
[2026-01-17 15:45:29,739][absl][INFO] - [process=0] /jax/checkpoint/write/blocking_gbytes_per_sec: 122.268 MiB/s (total gbytes: 1.1 MiB) (time elapsed: 9 milliseconds) (per-host)
[2026-01-17 15:45:29,741][absl][INFO] - [process=0][thread=MainThread] Initiated Pytree async_save. Time taken: 0.011623s (batch_requests_ready=0.001253s, total_serialization_initiated=0.007548s, others=0.002823s)
[2026-01-17 15:45:29,741][absl][INFO] - [process=0][thread=MainThread][operation_id=17] _SignalingThread.join() waiting for signals ([]) blocking the main thread will slow down blocking save times. This is likely due to main thread calling result() on a CommitFuture.
[2026-01-17 15:45:29,744][absl][INFO] - [process=0][thread=array_type_handler] Wrote 16 array_metadata.ArrayMetadata to /home/romanohu/project/wkb/SocialJax/runs/2026-01-17_15-43-47/svo/agent_2/checkpoint_30.orbax-checkpoint-tmp/array_metadatas/process_0
[2026-01-17 15:45:29,825][absl][INFO] - [process=0][thread=write_metadata_after_commits] Commit + Array metadata written. Time taken: 0.086419s (commit=0.081945s, array_metadata_write=0.004475s)
[2026-01-17 15:45:29,827][absl][INFO] - [process=0] /jax/checkpoint/write/gbytes_per_sec: 11.376 MiB/s (total gbytes: 1.1 MiB) (time elapsed: 97 milliseconds) (per-host)
[2026-01-17 15:45:29,831][absl][INFO] - [process=0][thread=MainThread] Skipped cross-host ArrayMetadata validation because only one process is found: process_index=0.
[2026-01-17 15:45:29,844][absl][INFO] - [process=0][thread=MainThread] Pytree save finalize (merge_ocdbt + ArrayMetadata validation) completed. Time taken: 0.015248s. use_zarr3=False, enable_post_merge_validation=True, directory=/home/romanohu/project/wkb/SocialJax/runs/2026-01-17_15-43-47/svo/agent_2/checkpoint_30.orbax-checkpoint-tmp
[2026-01-17 15:45:29,846][absl][INFO] - Renaming /home/romanohu/project/wkb/SocialJax/runs/2026-01-17_15-43-47/svo/agent_2/checkpoint_30.orbax-checkpoint-tmp to /home/romanohu/project/wkb/SocialJax/runs/2026-01-17_15-43-47/svo/agent_2/checkpoint_30
[2026-01-17 15:45:29,849][absl][INFO] - [process=0][thread=MainThread] Finished saving checkpoint (finalized tmp dir) to `/home/romanohu/project/wkb/SocialJax/runs/2026-01-17_15-43-47/svo/agent_2/checkpoint_30`.
[2026-01-17 15:45:29,850][absl][INFO] - Finished synchronous save in 0.12 seconds to /home/romanohu/project/wkb/SocialJax/runs/2026-01-17_15-43-47/svo/agent_2/checkpoint_30
[2026-01-17 15:45:29,851][absl][INFO] - Saving checkpoint at step: 30
[2026-01-17 15:45:29,851][absl][INFO] - Using Orbax as backend to save Flax checkpoints. For potential troubleshooting see: https://flax.readthedocs.io/en/latest/guides/training_techniques/use_checkpointing.html#orbax-as-backend-troubleshooting
[2026-01-17 15:45:29,851][absl][INFO] - save_device_host_concurrent_bytes=None
[2026-01-17 15:45:29,851][absl][INFO] - Created BasePyTreeCheckpointHandler: use_ocdbt=True, use_zarr3=False, pytree_metadata_options=PyTreeMetadataOptions(support_rich_types=False), array_metadata_store=<orbax.checkpoint._src.metadata.array_metadata_store.Store object at 0x753714998370>, enable_pinned_host_transfer=True, save_concurrent_bytes: 96000000000 (89.4 GiB), restore_concurrent_bytes: 96000000000 (89.4 GiB)
[2026-01-17 15:45:29,852][absl][INFO] - [process=0] Started saving checkpoint to /home/romanohu/project/wkb/SocialJax/runs/2026-01-17_15-43-47/svo/agent_3/checkpoint_30.
[2026-01-17 15:45:29,852][absl][INFO] - Creating tmp directory /home/romanohu/project/wkb/SocialJax/runs/2026-01-17_15-43-47/svo/agent_3/checkpoint_30.orbax-checkpoint-tmp
[2026-01-17 15:45:29,856][absl][INFO] - Scheduling D2H of 16 prioritized jax.Array.
[2026-01-17 15:45:29,856][absl][INFO] - Transferring arrays to host memory with options: use_replica_parallel=True, min_slice_bytes_for_replica_parallel=None, max_replicas_for_replica_parallel=None, enable_pinned_host_transfer=True
[2026-01-17 15:45:29,857][absl][INFO] - [process=0][thread=MainThread] Initiated "orbax.checkpoint._src.serialization.jax_array_handlers.ArrayHandler".serialize. Time taken: 0.001049s
[2026-01-17 15:45:29,857][absl][INFO] - [process=0] /jax/checkpoint/write/blocking_gbytes_per_sec: 312.756 MiB/s (total gbytes: 1.1 MiB) (time elapsed: 3 milliseconds) (per-host)
[2026-01-17 15:45:29,860][absl][INFO] - [process=0][thread=MainThread] Initiated Pytree async_save. Time taken: 0.006310s (batch_requests_ready=0.001205s, total_serialization_initiated=0.001574s, others=0.003531s)
[2026-01-17 15:45:29,864][absl][INFO] - [process=0][thread=MainThread][operation_id=18] _SignalingThread.join() waiting for signals ([]) blocking the main thread will slow down blocking save times. This is likely due to main thread calling result() on a CommitFuture.
[2026-01-17 15:45:29,864][absl][INFO] - [process=0][thread=array_type_handler] Wrote 16 array_metadata.ArrayMetadata to /home/romanohu/project/wkb/SocialJax/runs/2026-01-17_15-43-47/svo/agent_3/checkpoint_30.orbax-checkpoint-tmp/array_metadatas/process_0
[2026-01-17 15:45:29,958][absl][INFO] - [process=0][thread=write_metadata_after_commits] Commit + Array metadata written. Time taken: 0.099068s (commit=0.094487s, array_metadata_write=0.004581s)
[2026-01-17 15:45:29,961][absl][INFO] - [process=0] /jax/checkpoint/write/gbytes_per_sec: 10.386 MiB/s (total gbytes: 1.1 MiB) (time elapsed: 106 milliseconds) (per-host)
[2026-01-17 15:45:29,966][absl][INFO] - [process=0][thread=MainThread] Skipped cross-host ArrayMetadata validation because only one process is found: process_index=0.
[2026-01-17 15:45:29,980][absl][INFO] - [process=0][thread=MainThread] Pytree save finalize (merge_ocdbt + ArrayMetadata validation) completed. Time taken: 0.016405s. use_zarr3=False, enable_post_merge_validation=True, directory=/home/romanohu/project/wkb/SocialJax/runs/2026-01-17_15-43-47/svo/agent_3/checkpoint_30.orbax-checkpoint-tmp
[2026-01-17 15:45:29,982][absl][INFO] - Renaming /home/romanohu/project/wkb/SocialJax/runs/2026-01-17_15-43-47/svo/agent_3/checkpoint_30.orbax-checkpoint-tmp to /home/romanohu/project/wkb/SocialJax/runs/2026-01-17_15-43-47/svo/agent_3/checkpoint_30
[2026-01-17 15:45:29,985][absl][INFO] - [process=0][thread=MainThread] Finished saving checkpoint (finalized tmp dir) to `/home/romanohu/project/wkb/SocialJax/runs/2026-01-17_15-43-47/svo/agent_3/checkpoint_30`.
[2026-01-17 15:45:29,986][absl][INFO] - Finished synchronous save in 0.13 seconds to /home/romanohu/project/wkb/SocialJax/runs/2026-01-17_15-43-47/svo/agent_3/checkpoint_30
[2026-01-17 15:45:29,987][absl][INFO] - Saving checkpoint at step: 30
[2026-01-17 15:45:29,987][absl][INFO] - Using Orbax as backend to save Flax checkpoints. For potential troubleshooting see: https://flax.readthedocs.io/en/latest/guides/training_techniques/use_checkpointing.html#orbax-as-backend-troubleshooting
[2026-01-17 15:45:29,987][absl][INFO] - save_device_host_concurrent_bytes=None
[2026-01-17 15:45:29,987][absl][INFO] - Created BasePyTreeCheckpointHandler: use_ocdbt=True, use_zarr3=False, pytree_metadata_options=PyTreeMetadataOptions(support_rich_types=False), array_metadata_store=<orbax.checkpoint._src.metadata.array_metadata_store.Store object at 0x753714998370>, enable_pinned_host_transfer=True, save_concurrent_bytes: 96000000000 (89.4 GiB), restore_concurrent_bytes: 96000000000 (89.4 GiB)
[2026-01-17 15:45:29,987][absl][INFO] - [process=0] Started saving checkpoint to /home/romanohu/project/wkb/SocialJax/runs/2026-01-17_15-43-47/svo/agent_4/checkpoint_30.
[2026-01-17 15:45:29,988][absl][INFO] - Creating tmp directory /home/romanohu/project/wkb/SocialJax/runs/2026-01-17_15-43-47/svo/agent_4/checkpoint_30.orbax-checkpoint-tmp
[2026-01-17 15:45:29,992][absl][INFO] - Scheduling D2H of 16 prioritized jax.Array.
[2026-01-17 15:45:29,992][absl][INFO] - Transferring arrays to host memory with options: use_replica_parallel=True, min_slice_bytes_for_replica_parallel=None, max_replicas_for_replica_parallel=None, enable_pinned_host_transfer=True
[2026-01-17 15:45:29,993][absl][INFO] - [process=0][thread=MainThread] Initiated "orbax.checkpoint._src.serialization.jax_array_handlers.ArrayHandler".serialize. Time taken: 0.001452s
[2026-01-17 15:45:29,999][absl][INFO] - [process=0] /jax/checkpoint/write/blocking_gbytes_per_sec: 132.126 MiB/s (total gbytes: 1.1 MiB) (time elapsed: 8 milliseconds) (per-host)
[2026-01-17 15:45:30,001][absl][INFO] - [process=0][thread=MainThread] Initiated Pytree async_save. Time taken: 0.010532s (batch_requests_ready=0.000542s, total_serialization_initiated=0.006124s, others=0.003866s)
[2026-01-17 15:45:30,002][absl][INFO] - [process=0][thread=MainThread][operation_id=19] _SignalingThread.join() waiting for signals ([]) blocking the main thread will slow down blocking save times. This is likely due to main thread calling result() on a CommitFuture.
[2026-01-17 15:45:30,003][absl][INFO] - [process=0][thread=array_type_handler] Wrote 16 array_metadata.ArrayMetadata to /home/romanohu/project/wkb/SocialJax/runs/2026-01-17_15-43-47/svo/agent_4/checkpoint_30.orbax-checkpoint-tmp/array_metadatas/process_0
[2026-01-17 15:45:30,090][absl][INFO] - [process=0][thread=write_metadata_after_commits] Commit + Array metadata written. Time taken: 0.090732s (commit=0.086519s, array_metadata_write=0.004213s)
[2026-01-17 15:45:30,092][absl][INFO] - [process=0] /jax/checkpoint/write/gbytes_per_sec: 10.976 MiB/s (total gbytes: 1.1 MiB) (time elapsed: 100 milliseconds) (per-host)
[2026-01-17 15:45:30,098][absl][INFO] - [process=0][thread=MainThread] Skipped cross-host ArrayMetadata validation because only one process is found: process_index=0.
[2026-01-17 15:45:30,110][absl][INFO] - [process=0][thread=MainThread] Pytree save finalize (merge_ocdbt + ArrayMetadata validation) completed. Time taken: 0.014732s. use_zarr3=False, enable_post_merge_validation=True, directory=/home/romanohu/project/wkb/SocialJax/runs/2026-01-17_15-43-47/svo/agent_4/checkpoint_30.orbax-checkpoint-tmp
[2026-01-17 15:45:30,112][absl][INFO] - Renaming /home/romanohu/project/wkb/SocialJax/runs/2026-01-17_15-43-47/svo/agent_4/checkpoint_30.orbax-checkpoint-tmp to /home/romanohu/project/wkb/SocialJax/runs/2026-01-17_15-43-47/svo/agent_4/checkpoint_30
[2026-01-17 15:45:30,114][absl][INFO] - [process=0][thread=MainThread] Finished saving checkpoint (finalized tmp dir) to `/home/romanohu/project/wkb/SocialJax/runs/2026-01-17_15-43-47/svo/agent_4/checkpoint_30`.
[2026-01-17 15:45:30,115][absl][INFO] - Finished synchronous save in 0.13 seconds to /home/romanohu/project/wkb/SocialJax/runs/2026-01-17_15-43-47/svo/agent_4/checkpoint_30
[2026-01-17 15:45:30,115][absl][INFO] - Saving checkpoint at step: 30
[2026-01-17 15:45:30,116][absl][INFO] - Using Orbax as backend to save Flax checkpoints. For potential troubleshooting see: https://flax.readthedocs.io/en/latest/guides/training_techniques/use_checkpointing.html#orbax-as-backend-troubleshooting
[2026-01-17 15:45:30,116][absl][INFO] - save_device_host_concurrent_bytes=None
[2026-01-17 15:45:30,116][absl][INFO] - Created BasePyTreeCheckpointHandler: use_ocdbt=True, use_zarr3=False, pytree_metadata_options=PyTreeMetadataOptions(support_rich_types=False), array_metadata_store=<orbax.checkpoint._src.metadata.array_metadata_store.Store object at 0x753714998370>, enable_pinned_host_transfer=True, save_concurrent_bytes: 96000000000 (89.4 GiB), restore_concurrent_bytes: 96000000000 (89.4 GiB)
[2026-01-17 15:45:30,116][absl][INFO] - [process=0] Started saving checkpoint to /home/romanohu/project/wkb/SocialJax/runs/2026-01-17_15-43-47/svo/agent_5/checkpoint_30.
[2026-01-17 15:45:30,117][absl][INFO] - Creating tmp directory /home/romanohu/project/wkb/SocialJax/runs/2026-01-17_15-43-47/svo/agent_5/checkpoint_30.orbax-checkpoint-tmp
[2026-01-17 15:45:30,119][absl][INFO] - Scheduling D2H of 16 prioritized jax.Array.
[2026-01-17 15:45:30,119][absl][INFO] - Transferring arrays to host memory with options: use_replica_parallel=True, min_slice_bytes_for_replica_parallel=None, max_replicas_for_replica_parallel=None, enable_pinned_host_transfer=True
[2026-01-17 15:45:30,119][absl][INFO] - [process=0][thread=MainThread] Initiated "orbax.checkpoint._src.serialization.jax_array_handlers.ArrayHandler".serialize. Time taken: 0.000987s
[2026-01-17 15:45:30,123][absl][INFO] - [process=0] /jax/checkpoint/write/blocking_gbytes_per_sec: 208.584 MiB/s (total gbytes: 1.1 MiB) (time elapsed: 5 milliseconds) (per-host)
[2026-01-17 15:45:30,123][absl][INFO] - [process=0][thread=MainThread] Initiated Pytree async_save. Time taken: 0.005491s (batch_requests_ready=0.000471s, total_serialization_initiated=0.001441s, others=0.003578s)
[2026-01-17 15:45:30,126][absl][INFO] - [process=0][thread=MainThread][operation_id=20] _SignalingThread.join() waiting for signals ([]) blocking the main thread will slow down blocking save times. This is likely due to main thread calling result() on a CommitFuture.
[2026-01-17 15:45:30,128][absl][INFO] - [process=0][thread=array_type_handler] Wrote 16 array_metadata.ArrayMetadata to /home/romanohu/project/wkb/SocialJax/runs/2026-01-17_15-43-47/svo/agent_5/checkpoint_30.orbax-checkpoint-tmp/array_metadatas/process_0
[2026-01-17 15:45:30,208][absl][INFO] - [process=0][thread=write_metadata_after_commits] Commit + Array metadata written. Time taken: 0.083848s (commit=0.079832s, array_metadata_write=0.004016s)
[2026-01-17 15:45:30,210][absl][INFO] - [process=0] /jax/checkpoint/write/gbytes_per_sec: 12.051 MiB/s (total gbytes: 1.1 MiB) (time elapsed: 91 milliseconds) (per-host)
[2026-01-17 15:45:30,216][absl][INFO] - [process=0][thread=MainThread] Skipped cross-host ArrayMetadata validation because only one process is found: process_index=0.
[2026-01-17 15:45:30,228][absl][INFO] - [process=0][thread=MainThread] Pytree save finalize (merge_ocdbt + ArrayMetadata validation) completed. Time taken: 0.015163s. use_zarr3=False, enable_post_merge_validation=True, directory=/home/romanohu/project/wkb/SocialJax/runs/2026-01-17_15-43-47/svo/agent_5/checkpoint_30.orbax-checkpoint-tmp
[2026-01-17 15:45:30,230][absl][INFO] - Renaming /home/romanohu/project/wkb/SocialJax/runs/2026-01-17_15-43-47/svo/agent_5/checkpoint_30.orbax-checkpoint-tmp to /home/romanohu/project/wkb/SocialJax/runs/2026-01-17_15-43-47/svo/agent_5/checkpoint_30
[2026-01-17 15:45:30,233][absl][INFO] - [process=0][thread=MainThread] Finished saving checkpoint (finalized tmp dir) to `/home/romanohu/project/wkb/SocialJax/runs/2026-01-17_15-43-47/svo/agent_5/checkpoint_30`.
[2026-01-17 15:45:30,234][absl][INFO] - Finished synchronous save in 0.12 seconds to /home/romanohu/project/wkb/SocialJax/runs/2026-01-17_15-43-47/svo/agent_5/checkpoint_30
[2026-01-17 15:45:30,235][absl][INFO] - Saving checkpoint at step: 30
[2026-01-17 15:45:30,235][absl][INFO] - Using Orbax as backend to save Flax checkpoints. For potential troubleshooting see: https://flax.readthedocs.io/en/latest/guides/training_techniques/use_checkpointing.html#orbax-as-backend-troubleshooting
[2026-01-17 15:45:30,235][absl][INFO] - save_device_host_concurrent_bytes=None
[2026-01-17 15:45:30,235][absl][INFO] - Created BasePyTreeCheckpointHandler: use_ocdbt=True, use_zarr3=False, pytree_metadata_options=PyTreeMetadataOptions(support_rich_types=False), array_metadata_store=<orbax.checkpoint._src.metadata.array_metadata_store.Store object at 0x753714998370>, enable_pinned_host_transfer=True, save_concurrent_bytes: 96000000000 (89.4 GiB), restore_concurrent_bytes: 96000000000 (89.4 GiB)
[2026-01-17 15:45:30,236][absl][INFO] - [process=0] Started saving checkpoint to /home/romanohu/project/wkb/SocialJax/runs/2026-01-17_15-43-47/svo/agent_6/checkpoint_30.
[2026-01-17 15:45:30,237][absl][INFO] - Creating tmp directory /home/romanohu/project/wkb/SocialJax/runs/2026-01-17_15-43-47/svo/agent_6/checkpoint_30.orbax-checkpoint-tmp
[2026-01-17 15:45:30,239][absl][INFO] - Scheduling D2H of 16 prioritized jax.Array.
[2026-01-17 15:45:30,239][absl][INFO] - Transferring arrays to host memory with options: use_replica_parallel=True, min_slice_bytes_for_replica_parallel=None, max_replicas_for_replica_parallel=None, enable_pinned_host_transfer=True
[2026-01-17 15:45:30,240][absl][INFO] - [process=0][thread=MainThread] Initiated "orbax.checkpoint._src.serialization.jax_array_handlers.ArrayHandler".serialize. Time taken: 0.001314s
[2026-01-17 15:45:30,241][absl][INFO] - [process=0] /jax/checkpoint/write/blocking_gbytes_per_sec: 360.621 MiB/s (total gbytes: 1.1 MiB) (time elapsed: 3 milliseconds) (per-host)
[2026-01-17 15:45:30,242][absl][INFO] - [process=0][thread=MainThread] Initiated Pytree async_save. Time taken: 0.003616s (batch_requests_ready=0.000475s, total_serialization_initiated=0.001856s, others=0.001285s)
[2026-01-17 15:45:30,242][absl][INFO] - [process=0][thread=MainThread][operation_id=21] _SignalingThread.join() waiting for signals ([]) blocking the main thread will slow down blocking save times. This is likely due to main thread calling result() on a CommitFuture.
[2026-01-17 15:45:30,253][absl][INFO] - [process=0][thread=array_type_handler] Wrote 16 array_metadata.ArrayMetadata to /home/romanohu/project/wkb/SocialJax/runs/2026-01-17_15-43-47/svo/agent_6/checkpoint_30.orbax-checkpoint-tmp/array_metadatas/process_0
[2026-01-17 15:45:30,332][absl][INFO] - [process=0][thread=write_metadata_after_commits] Commit + Array metadata written. Time taken: 0.091560s (commit=0.086948s, array_metadata_write=0.004613s)
[2026-01-17 15:45:30,335][absl][INFO] - [process=0] /jax/checkpoint/write/gbytes_per_sec: 11.463 MiB/s (total gbytes: 1.1 MiB) (time elapsed: 96 milliseconds) (per-host)
[2026-01-17 15:45:30,340][absl][INFO] - [process=0][thread=MainThread] Skipped cross-host ArrayMetadata validation because only one process is found: process_index=0.
[2026-01-17 15:45:30,352][absl][INFO] - [process=0][thread=MainThread] Pytree save finalize (merge_ocdbt + ArrayMetadata validation) completed. Time taken: 0.014179s. use_zarr3=False, enable_post_merge_validation=True, directory=/home/romanohu/project/wkb/SocialJax/runs/2026-01-17_15-43-47/svo/agent_6/checkpoint_30.orbax-checkpoint-tmp
[2026-01-17 15:45:30,354][absl][INFO] - Renaming /home/romanohu/project/wkb/SocialJax/runs/2026-01-17_15-43-47/svo/agent_6/checkpoint_30.orbax-checkpoint-tmp to /home/romanohu/project/wkb/SocialJax/runs/2026-01-17_15-43-47/svo/agent_6/checkpoint_30
[2026-01-17 15:45:30,356][absl][INFO] - [process=0][thread=MainThread] Finished saving checkpoint (finalized tmp dir) to `/home/romanohu/project/wkb/SocialJax/runs/2026-01-17_15-43-47/svo/agent_6/checkpoint_30`.
[2026-01-17 15:45:30,357][absl][INFO] - Finished synchronous save in 0.12 seconds to /home/romanohu/project/wkb/SocialJax/runs/2026-01-17_15-43-47/svo/agent_6/checkpoint_30
